{
  "mode": "ls_only",
  "data_dir": "deepmimo_multibs\\processed\\o1_60_rx0_tx10_11_12_channel",
  "n_samples": 5000,
  "channel_dim": 16,
  "rss_dim": 0,
  "device": "cuda",
  "ls_file": "deepmimo_multibs\\processed\\o1_60_rx0_tx10_11_12_channel\\ls_target_snr0.npy"
}
Epoch 1/100: Train NMSE=10.450987, Val NMSE=0.941174
Saved best model with Val NMSE=0.941174
Epoch 2/100: Train NMSE=0.855689, Val NMSE=0.538124
Saved best model with Val NMSE=0.538124
Epoch 3/100: Train NMSE=0.539713, Val NMSE=0.432034
Saved best model with Val NMSE=0.432034
Epoch 4/100: Train NMSE=0.452838, Val NMSE=0.386116
Saved best model with Val NMSE=0.386116
Epoch 5/100: Train NMSE=0.412802, Val NMSE=0.431508
Epoch 6/100: Train NMSE=0.412792, Val NMSE=0.450587
Epoch 7/100: Train NMSE=0.402314, Val NMSE=0.338713
Saved best model with Val NMSE=0.338713
Epoch 8/100: Train NMSE=0.392753, Val NMSE=0.455960
Epoch 9/100: Train NMSE=0.419171, Val NMSE=0.415299
Epoch 10/100: Train NMSE=0.383284, Val NMSE=0.356618
Epoch 11/100: Train NMSE=0.363713, Val NMSE=0.357792
Epoch 12/100: Train NMSE=0.364728, Val NMSE=0.395758
Epoch 13/100: Train NMSE=0.391888, Val NMSE=0.372915
Epoch 14/100: Train NMSE=0.374873, Val NMSE=0.376871
Epoch 15/100: Train NMSE=0.366055, Val NMSE=0.354251
Epoch 16/100: Train NMSE=0.352354, Val NMSE=0.350683
Epoch 17/100: Train NMSE=0.353954, Val NMSE=0.345739
Epoch 18/100: Train NMSE=0.359381, Val NMSE=0.355255
Epoch 19/100: Train NMSE=0.348051, Val NMSE=0.358162
Epoch 20/100: Train NMSE=0.347229, Val NMSE=0.365762
Epoch 21/100: Train NMSE=0.337936, Val NMSE=0.336844
Saved best model with Val NMSE=0.336844
Epoch 22/100: Train NMSE=0.333713, Val NMSE=0.357202
Epoch 23/100: Train NMSE=0.346230, Val NMSE=0.343744
Epoch 24/100: Train NMSE=0.322941, Val NMSE=0.362202
Epoch 25/100: Train NMSE=0.353661, Val NMSE=0.423886
Epoch 26/100: Train NMSE=0.330638, Val NMSE=0.348238
Epoch 27/100: Train NMSE=0.334092, Val NMSE=0.357339
Epoch 28/100: Train NMSE=0.322466, Val NMSE=0.338470
Epoch 29/100: Train NMSE=0.314345, Val NMSE=0.345809
Epoch 30/100: Train NMSE=0.311997, Val NMSE=0.378527
Epoch 31/100: Train NMSE=0.347957, Val NMSE=0.373860
Epoch 32/100: Train NMSE=0.317962, Val NMSE=0.366944
Epoch 33/100: Train NMSE=0.311224, Val NMSE=0.380700
Epoch 34/100: Train NMSE=0.328584, Val NMSE=0.406308
Epoch 35/100: Train NMSE=0.304691, Val NMSE=0.440724
Epoch 36/100: Train NMSE=0.324073, Val NMSE=0.347038
Epoch 37/100: Train NMSE=0.315923, Val NMSE=0.346038
Epoch 38/100: Train NMSE=0.298389, Val NMSE=0.371863
Epoch 39/100: Train NMSE=0.300101, Val NMSE=0.373025
Epoch 40/100: Train NMSE=0.310850, Val NMSE=0.394984
Epoch 41/100: Train NMSE=0.294535, Val NMSE=0.348253
Epoch 42/100: Train NMSE=0.294977, Val NMSE=0.353865
Epoch 43/100: Train NMSE=0.288423, Val NMSE=0.367904
Epoch 44/100: Train NMSE=0.286693, Val NMSE=0.368269
Epoch 45/100: Train NMSE=0.296554, Val NMSE=0.386351
Epoch 46/100: Train NMSE=0.280618, Val NMSE=0.401905
Epoch 47/100: Train NMSE=0.283466, Val NMSE=0.364143
Epoch 48/100: Train NMSE=0.274178, Val NMSE=0.361968
Epoch 49/100: Train NMSE=0.269181, Val NMSE=0.373224
Epoch 50/100: Train NMSE=0.274641, Val NMSE=0.386019
Epoch 51/100: Train NMSE=0.279441, Val NMSE=0.369163
Epoch 52/100: Train NMSE=0.270813, Val NMSE=0.378488
Epoch 53/100: Train NMSE=0.265250, Val NMSE=0.381288
Epoch 54/100: Train NMSE=0.258399, Val NMSE=0.409970
Epoch 55/100: Train NMSE=0.260088, Val NMSE=0.413384
Epoch 56/100: Train NMSE=0.258459, Val NMSE=0.430701
Epoch 57/100: Train NMSE=0.259883, Val NMSE=0.376553
Epoch 58/100: Train NMSE=0.242628, Val NMSE=0.379362
Epoch 59/100: Train NMSE=0.246061, Val NMSE=0.434440
Epoch 60/100: Train NMSE=0.275159, Val NMSE=0.383299
Epoch 61/100: Train NMSE=0.248653, Val NMSE=0.380918
Epoch 62/100: Train NMSE=0.241384, Val NMSE=0.417637
Epoch 63/100: Train NMSE=0.243776, Val NMSE=0.434434
Epoch 64/100: Train NMSE=0.236293, Val NMSE=0.396841
Epoch 65/100: Train NMSE=0.234246, Val NMSE=0.399205
Epoch 66/100: Train NMSE=0.235087, Val NMSE=0.403345
Epoch 67/100: Train NMSE=0.222454, Val NMSE=0.397749
Epoch 68/100: Train NMSE=0.230223, Val NMSE=0.427020
Epoch 69/100: Train NMSE=0.219291, Val NMSE=0.429974
Epoch 70/100: Train NMSE=0.213910, Val NMSE=0.426508
Epoch 71/100: Train NMSE=0.218584, Val NMSE=0.431653
Epoch 72/100: Train NMSE=0.218304, Val NMSE=0.414872
Epoch 73/100: Train NMSE=0.220239, Val NMSE=0.448249
Epoch 74/100: Train NMSE=0.227631, Val NMSE=0.420593
Epoch 75/100: Train NMSE=0.218171, Val NMSE=0.426010
Epoch 76/100: Train NMSE=0.210820, Val NMSE=0.456824
Epoch 77/100: Train NMSE=0.215523, Val NMSE=0.434583
Epoch 78/100: Train NMSE=0.211688, Val NMSE=0.444864
Epoch 79/100: Train NMSE=0.206166, Val NMSE=0.428392
Epoch 80/100: Train NMSE=0.198831, Val NMSE=0.440182
Epoch 81/100: Train NMSE=0.205343, Val NMSE=0.437293
Epoch 82/100: Train NMSE=0.195848, Val NMSE=0.429738
Epoch 83/100: Train NMSE=0.195927, Val NMSE=0.449092
Epoch 84/100: Train NMSE=0.199925, Val NMSE=0.446604
Epoch 85/100: Train NMSE=0.215886, Val NMSE=0.477954
Epoch 86/100: Train NMSE=0.208992, Val NMSE=0.451812
Epoch 87/100: Train NMSE=0.193201, Val NMSE=0.447106
Epoch 88/100: Train NMSE=0.187819, Val NMSE=0.460026
Epoch 89/100: Train NMSE=0.180013, Val NMSE=0.473959
Epoch 90/100: Train NMSE=0.181735, Val NMSE=0.470348
Epoch 91/100: Train NMSE=0.188528, Val NMSE=0.455557
Epoch 92/100: Train NMSE=0.185531, Val NMSE=0.451933
Epoch 93/100: Train NMSE=0.183478, Val NMSE=0.448504
Epoch 94/100: Train NMSE=0.180623, Val NMSE=0.468824
Epoch 95/100: Train NMSE=0.170165, Val NMSE=0.449994
Epoch 96/100: Train NMSE=0.165169, Val NMSE=0.459002
Epoch 97/100: Train NMSE=0.161893, Val NMSE=0.481434
Epoch 98/100: Train NMSE=0.177939, Val NMSE=0.474899
Epoch 99/100: Train NMSE=0.172383, Val NMSE=0.492233
Epoch 100/100: Train NMSE=0.173416, Val NMSE=0.486718
{
  "mode": "ls_only",
  "best_val_nmse": 0.3368438184261322,
  "test_nmse": 0.41803763806819916,
  "test_db": -3.7878461470953644,
  "best_model": "deepmimo_multibs\\processed\\o1_60_rx0_tx10_11_12_channel\\runs\\ls_only_ep100\\best_model.pth"
}
