{
  "mode": "multibs_rss",
  "data_dir": "deepmimo_multibs\\processed\\o1_60_rx0_tx10_11_12_channel",
  "n_samples": 5000,
  "channel_dim": 16,
  "rss_dim": 3,
  "device": "cuda",
  "ls_file": "deepmimo_multibs\\processed\\o1_60_rx0_tx10_11_12_channel\\ls_target_snr0.npy"
}
Epoch 1/100: Train NMSE=9.626255, Val NMSE=1.969276
Saved best model with Val NMSE=1.969276
Epoch 2/100: Train NMSE=1.468024, Val NMSE=0.967473
Saved best model with Val NMSE=0.967473
Epoch 3/100: Train NMSE=0.890911, Val NMSE=0.627825
Saved best model with Val NMSE=0.627825
Epoch 4/100: Train NMSE=0.612550, Val NMSE=0.577127
Saved best model with Val NMSE=0.577127
Epoch 5/100: Train NMSE=0.557945, Val NMSE=0.551809
Saved best model with Val NMSE=0.551809
Epoch 6/100: Train NMSE=0.515672, Val NMSE=0.458965
Saved best model with Val NMSE=0.458965
Epoch 7/100: Train NMSE=0.490622, Val NMSE=0.415013
Saved best model with Val NMSE=0.415013
Epoch 8/100: Train NMSE=0.451758, Val NMSE=0.431228
Epoch 9/100: Train NMSE=0.443645, Val NMSE=0.394788
Saved best model with Val NMSE=0.394788
Epoch 10/100: Train NMSE=0.414802, Val NMSE=0.387012
Saved best model with Val NMSE=0.387012
Epoch 11/100: Train NMSE=0.408264, Val NMSE=0.412474
Epoch 12/100: Train NMSE=0.431590, Val NMSE=0.406720
Epoch 13/100: Train NMSE=0.432363, Val NMSE=0.374985
Saved best model with Val NMSE=0.374985
Epoch 14/100: Train NMSE=0.391735, Val NMSE=0.375463
Epoch 15/100: Train NMSE=0.372204, Val NMSE=0.432682
Epoch 16/100: Train NMSE=0.399950, Val NMSE=0.393536
Epoch 17/100: Train NMSE=0.358000, Val NMSE=0.354282
Saved best model with Val NMSE=0.354282
Epoch 18/100: Train NMSE=0.381791, Val NMSE=0.348949
Saved best model with Val NMSE=0.348949
Epoch 19/100: Train NMSE=0.370437, Val NMSE=0.435312
Epoch 20/100: Train NMSE=0.416905, Val NMSE=0.435458
Epoch 21/100: Train NMSE=0.398354, Val NMSE=0.417977
Epoch 22/100: Train NMSE=0.372930, Val NMSE=0.364537
Epoch 23/100: Train NMSE=0.355451, Val NMSE=0.359716
Epoch 24/100: Train NMSE=0.344128, Val NMSE=0.434688
Epoch 25/100: Train NMSE=0.364214, Val NMSE=0.376613
Epoch 26/100: Train NMSE=0.353357, Val NMSE=0.361919
Epoch 27/100: Train NMSE=0.332681, Val NMSE=0.420574
Epoch 28/100: Train NMSE=0.333661, Val NMSE=0.331653
Saved best model with Val NMSE=0.331653
Epoch 29/100: Train NMSE=0.338146, Val NMSE=0.373179
Epoch 30/100: Train NMSE=0.328711, Val NMSE=0.356149
Epoch 31/100: Train NMSE=0.316837, Val NMSE=0.358484
Epoch 32/100: Train NMSE=0.315308, Val NMSE=0.371965
Epoch 33/100: Train NMSE=0.323100, Val NMSE=0.372625
Epoch 34/100: Train NMSE=0.319502, Val NMSE=0.375580
Epoch 35/100: Train NMSE=0.309225, Val NMSE=0.355015
Epoch 36/100: Train NMSE=0.316667, Val NMSE=0.369321
Epoch 37/100: Train NMSE=0.324093, Val NMSE=0.362157
Epoch 38/100: Train NMSE=0.311036, Val NMSE=0.396973
Epoch 39/100: Train NMSE=0.307683, Val NMSE=0.372264
Epoch 40/100: Train NMSE=0.303117, Val NMSE=0.351414
Epoch 41/100: Train NMSE=0.300792, Val NMSE=0.373640
Epoch 42/100: Train NMSE=0.292868, Val NMSE=0.359474
Epoch 43/100: Train NMSE=0.298333, Val NMSE=0.349232
Epoch 44/100: Train NMSE=0.291825, Val NMSE=0.369073
Epoch 45/100: Train NMSE=0.290078, Val NMSE=0.361639
Epoch 46/100: Train NMSE=0.285753, Val NMSE=0.364594
Epoch 47/100: Train NMSE=0.277581, Val NMSE=0.346422
Epoch 48/100: Train NMSE=0.290473, Val NMSE=0.389978
Epoch 49/100: Train NMSE=0.304872, Val NMSE=0.385822
Epoch 50/100: Train NMSE=0.289790, Val NMSE=0.358112
Epoch 51/100: Train NMSE=0.285587, Val NMSE=0.376294
Epoch 52/100: Train NMSE=0.282668, Val NMSE=0.372726
Epoch 53/100: Train NMSE=0.275493, Val NMSE=0.356224
Epoch 54/100: Train NMSE=0.266193, Val NMSE=0.366135
Epoch 55/100: Train NMSE=0.271351, Val NMSE=0.371012
Epoch 56/100: Train NMSE=0.266021, Val NMSE=0.378063
Epoch 57/100: Train NMSE=0.266996, Val NMSE=0.375294
Epoch 58/100: Train NMSE=0.262850, Val NMSE=0.354403
Epoch 59/100: Train NMSE=0.263498, Val NMSE=0.422982
Epoch 60/100: Train NMSE=0.269837, Val NMSE=0.373414
Epoch 61/100: Train NMSE=0.262040, Val NMSE=0.379516
Epoch 62/100: Train NMSE=0.247283, Val NMSE=0.377956
Epoch 63/100: Train NMSE=0.242404, Val NMSE=0.378095
Epoch 64/100: Train NMSE=0.249020, Val NMSE=0.394024
Epoch 65/100: Train NMSE=0.247547, Val NMSE=0.363467
Epoch 66/100: Train NMSE=0.235479, Val NMSE=0.376676
Epoch 67/100: Train NMSE=0.246018, Val NMSE=0.417509
Epoch 68/100: Train NMSE=0.245655, Val NMSE=0.435662
Epoch 69/100: Train NMSE=0.244706, Val NMSE=0.396980
Epoch 70/100: Train NMSE=0.233544, Val NMSE=0.400936
Epoch 71/100: Train NMSE=0.245325, Val NMSE=0.390373
Epoch 72/100: Train NMSE=0.231859, Val NMSE=0.400720
Epoch 73/100: Train NMSE=0.230730, Val NMSE=0.413656
Epoch 74/100: Train NMSE=0.221713, Val NMSE=0.405128
Epoch 75/100: Train NMSE=0.223557, Val NMSE=0.406970
Epoch 76/100: Train NMSE=0.242223, Val NMSE=0.420491
Epoch 77/100: Train NMSE=0.220296, Val NMSE=0.394833
Epoch 78/100: Train NMSE=0.208913, Val NMSE=0.408148
Epoch 79/100: Train NMSE=0.222165, Val NMSE=0.421385
Epoch 80/100: Train NMSE=0.219429, Val NMSE=0.443329
Epoch 81/100: Train NMSE=0.209945, Val NMSE=0.419400
Epoch 82/100: Train NMSE=0.206192, Val NMSE=0.404645
Epoch 83/100: Train NMSE=0.206184, Val NMSE=0.397407
Epoch 84/100: Train NMSE=0.205656, Val NMSE=0.460453
Epoch 85/100: Train NMSE=0.213409, Val NMSE=0.402311
Epoch 86/100: Train NMSE=0.199360, Val NMSE=0.427569
Epoch 87/100: Train NMSE=0.198461, Val NMSE=0.416734
Epoch 88/100: Train NMSE=0.198798, Val NMSE=0.442136
Epoch 89/100: Train NMSE=0.195402, Val NMSE=0.421389
Epoch 90/100: Train NMSE=0.203792, Val NMSE=0.442088
Epoch 91/100: Train NMSE=0.193589, Val NMSE=0.433492
Epoch 92/100: Train NMSE=0.190125, Val NMSE=0.442376
Epoch 93/100: Train NMSE=0.197250, Val NMSE=0.433707
Epoch 94/100: Train NMSE=0.180175, Val NMSE=0.416869
Epoch 95/100: Train NMSE=0.199241, Val NMSE=0.435258
Epoch 96/100: Train NMSE=0.183398, Val NMSE=0.424012
Epoch 97/100: Train NMSE=0.187483, Val NMSE=0.441964
Epoch 98/100: Train NMSE=0.176369, Val NMSE=0.441301
Epoch 99/100: Train NMSE=0.176917, Val NMSE=0.445154
Epoch 100/100: Train NMSE=0.176598, Val NMSE=0.454817
{
  "mode": "multibs_rss",
  "best_val_nmse": 0.3316531777381897,
  "test_nmse": 0.4190436452627182,
  "test_db": -3.777407409725902,
  "best_model": "deepmimo_multibs\\processed\\o1_60_rx0_tx10_11_12_channel\\runs\\multibs_rss_ep100\\best_model.pth"
}
