{
  "mode": "shuffled_rss",
  "data_dir": "deepmimo_multibs\\processed\\o1_60_rx0_tx10_11_12_channel",
  "n_samples": 5000,
  "channel_dim": 16,
  "rss_dim": 3,
  "device": "cuda",
  "ls_file": "deepmimo_multibs\\processed\\o1_60_rx0_tx10_11_12_channel\\ls_target_snr0.npy"
}
Epoch 1/100: Train NMSE=10.000518, Val NMSE=2.028126
Saved best model with Val NMSE=2.028126
Epoch 2/100: Train NMSE=1.523150, Val NMSE=0.901872
Saved best model with Val NMSE=0.901872
Epoch 3/100: Train NMSE=0.817460, Val NMSE=0.671443
Saved best model with Val NMSE=0.671443
Epoch 4/100: Train NMSE=0.640413, Val NMSE=0.578987
Saved best model with Val NMSE=0.578987
Epoch 5/100: Train NMSE=0.584633, Val NMSE=0.496294
Saved best model with Val NMSE=0.496294
Epoch 6/100: Train NMSE=0.519307, Val NMSE=0.510028
Epoch 7/100: Train NMSE=0.514487, Val NMSE=0.428182
Saved best model with Val NMSE=0.428182
Epoch 8/100: Train NMSE=0.474313, Val NMSE=0.530081
Epoch 9/100: Train NMSE=0.495040, Val NMSE=0.448211
Epoch 10/100: Train NMSE=0.447591, Val NMSE=0.477640
Epoch 11/100: Train NMSE=0.423862, Val NMSE=0.425707
Saved best model with Val NMSE=0.425707
Epoch 12/100: Train NMSE=0.436473, Val NMSE=0.397741
Saved best model with Val NMSE=0.397741
Epoch 13/100: Train NMSE=0.399119, Val NMSE=0.416673
Epoch 14/100: Train NMSE=0.444167, Val NMSE=0.415943
Epoch 15/100: Train NMSE=0.396743, Val NMSE=0.471962
Epoch 16/100: Train NMSE=0.415730, Val NMSE=0.378172
Saved best model with Val NMSE=0.378172
Epoch 17/100: Train NMSE=0.387136, Val NMSE=0.429167
Epoch 18/100: Train NMSE=0.402173, Val NMSE=0.375742
Saved best model with Val NMSE=0.375742
Epoch 19/100: Train NMSE=0.372495, Val NMSE=0.367458
Saved best model with Val NMSE=0.367458
Epoch 20/100: Train NMSE=0.361126, Val NMSE=0.379070
Epoch 21/100: Train NMSE=0.376702, Val NMSE=0.381173
Epoch 22/100: Train NMSE=0.356787, Val NMSE=0.384699
Epoch 23/100: Train NMSE=0.352995, Val NMSE=0.364860
Saved best model with Val NMSE=0.364860
Epoch 24/100: Train NMSE=0.348403, Val NMSE=0.395651
Epoch 25/100: Train NMSE=0.341340, Val NMSE=0.362110
Saved best model with Val NMSE=0.362110
Epoch 26/100: Train NMSE=0.346981, Val NMSE=0.373192
Epoch 27/100: Train NMSE=0.349773, Val NMSE=0.406390
Epoch 28/100: Train NMSE=0.342735, Val NMSE=0.414283
Epoch 29/100: Train NMSE=0.355705, Val NMSE=0.351636
Saved best model with Val NMSE=0.351636
Epoch 30/100: Train NMSE=0.333059, Val NMSE=0.370004
Epoch 31/100: Train NMSE=0.324184, Val NMSE=0.371571
Epoch 32/100: Train NMSE=0.317852, Val NMSE=0.378878
Epoch 33/100: Train NMSE=0.319572, Val NMSE=0.394799
Epoch 34/100: Train NMSE=0.326042, Val NMSE=0.393002
Epoch 35/100: Train NMSE=0.340262, Val NMSE=0.408841
Epoch 36/100: Train NMSE=0.328099, Val NMSE=0.371512
Epoch 37/100: Train NMSE=0.308464, Val NMSE=0.370752
Epoch 38/100: Train NMSE=0.327125, Val NMSE=0.382119
Epoch 39/100: Train NMSE=0.314522, Val NMSE=0.469850
Epoch 40/100: Train NMSE=0.340394, Val NMSE=0.374597
Epoch 41/100: Train NMSE=0.314786, Val NMSE=0.361462
Epoch 42/100: Train NMSE=0.308301, Val NMSE=0.368212
Epoch 43/100: Train NMSE=0.291820, Val NMSE=0.366295
Epoch 44/100: Train NMSE=0.301180, Val NMSE=0.403942
Epoch 45/100: Train NMSE=0.300243, Val NMSE=0.397063
Epoch 46/100: Train NMSE=0.301251, Val NMSE=0.393078
Epoch 47/100: Train NMSE=0.282802, Val NMSE=0.380893
Epoch 48/100: Train NMSE=0.300835, Val NMSE=0.439818
Epoch 49/100: Train NMSE=0.306050, Val NMSE=0.375644
Epoch 50/100: Train NMSE=0.292955, Val NMSE=0.375766
Epoch 51/100: Train NMSE=0.279154, Val NMSE=0.367046
Epoch 52/100: Train NMSE=0.271519, Val NMSE=0.434556
Epoch 53/100: Train NMSE=0.282158, Val NMSE=0.403807
Epoch 54/100: Train NMSE=0.282036, Val NMSE=0.426098
Epoch 55/100: Train NMSE=0.275133, Val NMSE=0.408480
Epoch 56/100: Train NMSE=0.272806, Val NMSE=0.408171
Epoch 57/100: Train NMSE=0.267501, Val NMSE=0.393855
Epoch 58/100: Train NMSE=0.265000, Val NMSE=0.392873
Epoch 59/100: Train NMSE=0.268543, Val NMSE=0.424079
Epoch 60/100: Train NMSE=0.266822, Val NMSE=0.399487
Epoch 61/100: Train NMSE=0.253039, Val NMSE=0.393057
Epoch 62/100: Train NMSE=0.254159, Val NMSE=0.401365
Epoch 63/100: Train NMSE=0.251637, Val NMSE=0.389304
Epoch 64/100: Train NMSE=0.251714, Val NMSE=0.402614
Epoch 65/100: Train NMSE=0.255702, Val NMSE=0.402993
Epoch 66/100: Train NMSE=0.253491, Val NMSE=0.382852
Epoch 67/100: Train NMSE=0.240531, Val NMSE=0.389970
Epoch 68/100: Train NMSE=0.242250, Val NMSE=0.416529
Epoch 69/100: Train NMSE=0.244355, Val NMSE=0.392579
Epoch 70/100: Train NMSE=0.233830, Val NMSE=0.412146
Epoch 71/100: Train NMSE=0.230026, Val NMSE=0.435257
Epoch 72/100: Train NMSE=0.240309, Val NMSE=0.428366
Epoch 73/100: Train NMSE=0.255969, Val NMSE=0.436565
Epoch 74/100: Train NMSE=0.249893, Val NMSE=0.407859
Epoch 75/100: Train NMSE=0.228497, Val NMSE=0.418935
Epoch 76/100: Train NMSE=0.231176, Val NMSE=0.426608
Epoch 77/100: Train NMSE=0.226292, Val NMSE=0.406058
Epoch 78/100: Train NMSE=0.228091, Val NMSE=0.415330
Epoch 79/100: Train NMSE=0.219128, Val NMSE=0.425356
Epoch 80/100: Train NMSE=0.221218, Val NMSE=0.414042
Epoch 81/100: Train NMSE=0.211617, Val NMSE=0.418791
Epoch 82/100: Train NMSE=0.211643, Val NMSE=0.434416
Epoch 83/100: Train NMSE=0.205591, Val NMSE=0.414047
Epoch 84/100: Train NMSE=0.214646, Val NMSE=0.433294
Epoch 85/100: Train NMSE=0.222586, Val NMSE=0.416212
Epoch 86/100: Train NMSE=0.207059, Val NMSE=0.431233
Epoch 87/100: Train NMSE=0.208831, Val NMSE=0.431977
Epoch 88/100: Train NMSE=0.199118, Val NMSE=0.422670
Epoch 89/100: Train NMSE=0.200038, Val NMSE=0.437576
Epoch 90/100: Train NMSE=0.193208, Val NMSE=0.455347
Epoch 91/100: Train NMSE=0.197261, Val NMSE=0.442024
Epoch 92/100: Train NMSE=0.190417, Val NMSE=0.458444
Epoch 93/100: Train NMSE=0.204136, Val NMSE=0.448462
Epoch 94/100: Train NMSE=0.184056, Val NMSE=0.433542
Epoch 95/100: Train NMSE=0.175999, Val NMSE=0.441175
Epoch 96/100: Train NMSE=0.181228, Val NMSE=0.453830
Epoch 97/100: Train NMSE=0.198871, Val NMSE=0.461666
Epoch 98/100: Train NMSE=0.209646, Val NMSE=0.422187
Epoch 99/100: Train NMSE=0.213576, Val NMSE=0.441605
Epoch 100/100: Train NMSE=0.186134, Val NMSE=0.452713
{
  "mode": "shuffled_rss",
  "best_val_nmse": 0.3516358435153961,
  "test_nmse": 0.4345926195383072,
  "test_db": -3.619176533514442,
  "best_model": "deepmimo_multibs\\processed\\o1_60_rx0_tx10_11_12_channel\\runs\\shuffled_rss_ep100\\best_model.pth"
}
