{
  "mode": "single_rss",
  "data_dir": "deepmimo_multibs\\processed\\o1_60_rx0_tx10_11_12_channel",
  "n_samples": 5000,
  "channel_dim": 16,
  "rss_dim": 1,
  "device": "cuda",
  "ls_file": "deepmimo_multibs\\processed\\o1_60_rx0_tx10_11_12_channel\\ls_target_snr0.npy"
}
Epoch 1/100: Train NMSE=10.345659, Val NMSE=1.125464
Saved best model with Val NMSE=1.125464
Epoch 2/100: Train NMSE=1.025915, Val NMSE=0.677374
Saved best model with Val NMSE=0.677374
Epoch 3/100: Train NMSE=0.625382, Val NMSE=0.490288
Saved best model with Val NMSE=0.490288
Epoch 4/100: Train NMSE=0.497786, Val NMSE=0.418955
Saved best model with Val NMSE=0.418955
Epoch 5/100: Train NMSE=0.455447, Val NMSE=0.418089
Saved best model with Val NMSE=0.418089
Epoch 6/100: Train NMSE=0.433493, Val NMSE=0.417837
Saved best model with Val NMSE=0.417837
Epoch 7/100: Train NMSE=0.432720, Val NMSE=0.385937
Saved best model with Val NMSE=0.385937
Epoch 8/100: Train NMSE=0.411759, Val NMSE=0.370621
Saved best model with Val NMSE=0.370621
Epoch 9/100: Train NMSE=0.393290, Val NMSE=0.345111
Saved best model with Val NMSE=0.345111
Epoch 10/100: Train NMSE=0.397087, Val NMSE=0.353000
Epoch 11/100: Train NMSE=0.386027, Val NMSE=0.361570
Epoch 12/100: Train NMSE=0.383948, Val NMSE=0.372137
Epoch 13/100: Train NMSE=0.387134, Val NMSE=0.423007
Epoch 14/100: Train NMSE=0.372706, Val NMSE=0.367351
Epoch 15/100: Train NMSE=0.370220, Val NMSE=0.403311
Epoch 16/100: Train NMSE=0.368364, Val NMSE=0.339058
Saved best model with Val NMSE=0.339058
Epoch 17/100: Train NMSE=0.362055, Val NMSE=0.369207
Epoch 18/100: Train NMSE=0.346128, Val NMSE=0.363990
Epoch 19/100: Train NMSE=0.356379, Val NMSE=0.359500
Epoch 20/100: Train NMSE=0.357508, Val NMSE=0.402663
Epoch 21/100: Train NMSE=0.381880, Val NMSE=0.394781
Epoch 22/100: Train NMSE=0.347142, Val NMSE=0.350975
Epoch 23/100: Train NMSE=0.338814, Val NMSE=0.365185
Epoch 24/100: Train NMSE=0.345155, Val NMSE=0.392468
Epoch 25/100: Train NMSE=0.349423, Val NMSE=0.341849
Epoch 26/100: Train NMSE=0.324588, Val NMSE=0.337292
Saved best model with Val NMSE=0.337292
Epoch 27/100: Train NMSE=0.320981, Val NMSE=0.354869
Epoch 28/100: Train NMSE=0.334081, Val NMSE=0.350530
Epoch 29/100: Train NMSE=0.337767, Val NMSE=0.335313
Saved best model with Val NMSE=0.335313
Epoch 30/100: Train NMSE=0.320214, Val NMSE=0.368409
Epoch 31/100: Train NMSE=0.328312, Val NMSE=0.341635
Epoch 32/100: Train NMSE=0.316292, Val NMSE=0.360376
Epoch 33/100: Train NMSE=0.323371, Val NMSE=0.344185
Epoch 34/100: Train NMSE=0.303194, Val NMSE=0.355799
Epoch 35/100: Train NMSE=0.326278, Val NMSE=0.353817
Epoch 36/100: Train NMSE=0.305054, Val NMSE=0.368623
Epoch 37/100: Train NMSE=0.308973, Val NMSE=0.379843
Epoch 38/100: Train NMSE=0.294481, Val NMSE=0.351255
Epoch 39/100: Train NMSE=0.300607, Val NMSE=0.394866
Epoch 40/100: Train NMSE=0.320993, Val NMSE=0.354890
Epoch 41/100: Train NMSE=0.287305, Val NMSE=0.339031
Epoch 42/100: Train NMSE=0.286987, Val NMSE=0.365895
Epoch 43/100: Train NMSE=0.293056, Val NMSE=0.377527
Epoch 44/100: Train NMSE=0.303316, Val NMSE=0.394436
Epoch 45/100: Train NMSE=0.288402, Val NMSE=0.372099
Epoch 46/100: Train NMSE=0.288464, Val NMSE=0.369209
Epoch 47/100: Train NMSE=0.285807, Val NMSE=0.372483
Epoch 48/100: Train NMSE=0.274409, Val NMSE=0.367045
Epoch 49/100: Train NMSE=0.280301, Val NMSE=0.356180
Epoch 50/100: Train NMSE=0.272894, Val NMSE=0.359587
Epoch 51/100: Train NMSE=0.270277, Val NMSE=0.373766
Epoch 52/100: Train NMSE=0.270307, Val NMSE=0.373522
Epoch 53/100: Train NMSE=0.283532, Val NMSE=0.376783
Epoch 54/100: Train NMSE=0.265527, Val NMSE=0.411885
Epoch 55/100: Train NMSE=0.270535, Val NMSE=0.367047
Epoch 56/100: Train NMSE=0.267258, Val NMSE=0.397855
Epoch 57/100: Train NMSE=0.271807, Val NMSE=0.389230
Epoch 58/100: Train NMSE=0.260352, Val NMSE=0.424020
Epoch 59/100: Train NMSE=0.256075, Val NMSE=0.400589
Epoch 60/100: Train NMSE=0.256618, Val NMSE=0.393755
Epoch 61/100: Train NMSE=0.249674, Val NMSE=0.397912
Epoch 62/100: Train NMSE=0.246857, Val NMSE=0.412802
Epoch 63/100: Train NMSE=0.244966, Val NMSE=0.414482
Epoch 64/100: Train NMSE=0.242793, Val NMSE=0.378658
Epoch 65/100: Train NMSE=0.250445, Val NMSE=0.398502
Epoch 66/100: Train NMSE=0.248048, Val NMSE=0.399503
Epoch 67/100: Train NMSE=0.238628, Val NMSE=0.386222
Epoch 68/100: Train NMSE=0.233429, Val NMSE=0.385888
Epoch 69/100: Train NMSE=0.231916, Val NMSE=0.405441
Epoch 70/100: Train NMSE=0.230389, Val NMSE=0.392680
Epoch 71/100: Train NMSE=0.237641, Val NMSE=0.402781
Epoch 72/100: Train NMSE=0.228677, Val NMSE=0.392388
Epoch 73/100: Train NMSE=0.235982, Val NMSE=0.395390
Epoch 74/100: Train NMSE=0.240968, Val NMSE=0.433307
Epoch 75/100: Train NMSE=0.230624, Val NMSE=0.433219
Epoch 76/100: Train NMSE=0.216473, Val NMSE=0.434730
Epoch 77/100: Train NMSE=0.228554, Val NMSE=0.392393
Epoch 78/100: Train NMSE=0.228670, Val NMSE=0.404903
Epoch 79/100: Train NMSE=0.212091, Val NMSE=0.412873
Epoch 80/100: Train NMSE=0.209923, Val NMSE=0.437317
Epoch 81/100: Train NMSE=0.235886, Val NMSE=0.423859
Epoch 82/100: Train NMSE=0.216362, Val NMSE=0.418649
Epoch 83/100: Train NMSE=0.218933, Val NMSE=0.408195
Epoch 84/100: Train NMSE=0.202423, Val NMSE=0.415764
Epoch 85/100: Train NMSE=0.196476, Val NMSE=0.427869
Epoch 86/100: Train NMSE=0.205627, Val NMSE=0.417087
Epoch 87/100: Train NMSE=0.212121, Val NMSE=0.442225
Epoch 88/100: Train NMSE=0.195395, Val NMSE=0.417722
Epoch 89/100: Train NMSE=0.193580, Val NMSE=0.443905
Epoch 90/100: Train NMSE=0.200621, Val NMSE=0.431588
Epoch 91/100: Train NMSE=0.189941, Val NMSE=0.460065
Epoch 92/100: Train NMSE=0.198006, Val NMSE=0.447935
Epoch 93/100: Train NMSE=0.190309, Val NMSE=0.440325
Epoch 94/100: Train NMSE=0.202959, Val NMSE=0.441699
Epoch 95/100: Train NMSE=0.185356, Val NMSE=0.455024
Epoch 96/100: Train NMSE=0.183734, Val NMSE=0.422378
Epoch 97/100: Train NMSE=0.185450, Val NMSE=0.413403
Epoch 98/100: Train NMSE=0.178668, Val NMSE=0.460860
Epoch 99/100: Train NMSE=0.174632, Val NMSE=0.433126
Epoch 100/100: Train NMSE=0.178798, Val NMSE=0.439172
{
  "mode": "single_rss",
  "best_val_nmse": 0.33531346917152405,
  "test_nmse": 0.4328603744506836,
  "test_db": -3.636521691997323,
  "best_model": "deepmimo_multibs\\processed\\o1_60_rx0_tx10_11_12_channel\\runs\\single_rss_ep100\\best_model.pth"
}
