{
  "mode": "zero_rss",
  "data_dir": "deepmimo_multibs\\processed\\o1_60_rx0_tx10_11_12_channel",
  "n_samples": 5000,
  "channel_dim": 16,
  "rss_dim": 3,
  "device": "cuda",
  "ls_file": "deepmimo_multibs\\processed\\o1_60_rx0_tx10_11_12_channel\\ls_target_snr0.npy"
}
Epoch 1/100: Train NMSE=11.315531, Val NMSE=1.127524
Saved best model with Val NMSE=1.127524
Epoch 2/100: Train NMSE=0.837883, Val NMSE=0.674049
Saved best model with Val NMSE=0.674049
Epoch 3/100: Train NMSE=0.585027, Val NMSE=0.512055
Saved best model with Val NMSE=0.512055
Epoch 4/100: Train NMSE=0.501688, Val NMSE=0.554208
Epoch 5/100: Train NMSE=0.461104, Val NMSE=0.406048
Saved best model with Val NMSE=0.406048
Epoch 6/100: Train NMSE=0.428427, Val NMSE=0.410744
Epoch 7/100: Train NMSE=0.420624, Val NMSE=0.398217
Saved best model with Val NMSE=0.398217
Epoch 8/100: Train NMSE=0.412030, Val NMSE=0.382841
Saved best model with Val NMSE=0.382841
Epoch 9/100: Train NMSE=0.408715, Val NMSE=0.379608
Saved best model with Val NMSE=0.379608
Epoch 10/100: Train NMSE=0.388096, Val NMSE=0.381782
Epoch 11/100: Train NMSE=0.398211, Val NMSE=0.349362
Saved best model with Val NMSE=0.349362
Epoch 12/100: Train NMSE=0.377506, Val NMSE=0.340004
Saved best model with Val NMSE=0.340004
Epoch 13/100: Train NMSE=0.373205, Val NMSE=0.351479
Epoch 14/100: Train NMSE=0.379534, Val NMSE=0.352240
Epoch 15/100: Train NMSE=0.360007, Val NMSE=0.385433
Epoch 16/100: Train NMSE=0.358826, Val NMSE=0.342207
Epoch 17/100: Train NMSE=0.349550, Val NMSE=0.364806
Epoch 18/100: Train NMSE=0.346757, Val NMSE=0.339856
Saved best model with Val NMSE=0.339856
Epoch 19/100: Train NMSE=0.338844, Val NMSE=0.371319
Epoch 20/100: Train NMSE=0.335105, Val NMSE=0.363260
Epoch 21/100: Train NMSE=0.342361, Val NMSE=0.333787
Saved best model with Val NMSE=0.333787
Epoch 22/100: Train NMSE=0.352595, Val NMSE=0.390727
Epoch 23/100: Train NMSE=0.329721, Val NMSE=0.341109
Epoch 24/100: Train NMSE=0.320212, Val NMSE=0.384914
Epoch 25/100: Train NMSE=0.327391, Val NMSE=0.361296
Epoch 26/100: Train NMSE=0.332935, Val NMSE=0.337137
Epoch 27/100: Train NMSE=0.322183, Val NMSE=0.374885
Epoch 28/100: Train NMSE=0.324213, Val NMSE=0.351586
Epoch 29/100: Train NMSE=0.325828, Val NMSE=0.337996
Epoch 30/100: Train NMSE=0.305321, Val NMSE=0.354598
Epoch 31/100: Train NMSE=0.322588, Val NMSE=0.348308
Epoch 32/100: Train NMSE=0.305917, Val NMSE=0.348818
Epoch 33/100: Train NMSE=0.309025, Val NMSE=0.367056
Epoch 34/100: Train NMSE=0.323752, Val NMSE=0.396207
Epoch 35/100: Train NMSE=0.335565, Val NMSE=0.353504
Epoch 36/100: Train NMSE=0.349519, Val NMSE=0.374014
Epoch 37/100: Train NMSE=0.328743, Val NMSE=0.390955
Epoch 38/100: Train NMSE=0.314926, Val NMSE=0.366585
Epoch 39/100: Train NMSE=0.301539, Val NMSE=0.364140
Epoch 40/100: Train NMSE=0.307229, Val NMSE=0.355834
Epoch 41/100: Train NMSE=0.294636, Val NMSE=0.386726
Epoch 42/100: Train NMSE=0.288605, Val NMSE=0.396233
Epoch 43/100: Train NMSE=0.285075, Val NMSE=0.368732
Epoch 44/100: Train NMSE=0.285368, Val NMSE=0.382907
Epoch 45/100: Train NMSE=0.292090, Val NMSE=0.401996
Epoch 46/100: Train NMSE=0.296170, Val NMSE=0.378340
Epoch 47/100: Train NMSE=0.282398, Val NMSE=0.374602
Epoch 48/100: Train NMSE=0.294764, Val NMSE=0.416386
Epoch 49/100: Train NMSE=0.279412, Val NMSE=0.388185
Epoch 50/100: Train NMSE=0.279097, Val NMSE=0.379269
Epoch 51/100: Train NMSE=0.266678, Val NMSE=0.376704
Epoch 52/100: Train NMSE=0.265200, Val NMSE=0.419001
Epoch 53/100: Train NMSE=0.264696, Val NMSE=0.392130
Epoch 54/100: Train NMSE=0.259360, Val NMSE=0.379388
Epoch 55/100: Train NMSE=0.255261, Val NMSE=0.423094
Epoch 56/100: Train NMSE=0.255176, Val NMSE=0.408949
Epoch 57/100: Train NMSE=0.257060, Val NMSE=0.408079
Epoch 58/100: Train NMSE=0.258908, Val NMSE=0.390039
Epoch 59/100: Train NMSE=0.260510, Val NMSE=0.421148
Epoch 60/100: Train NMSE=0.256346, Val NMSE=0.415111
Epoch 61/100: Train NMSE=0.246771, Val NMSE=0.401139
Epoch 62/100: Train NMSE=0.241694, Val NMSE=0.430705
Epoch 63/100: Train NMSE=0.243688, Val NMSE=0.437839
Epoch 64/100: Train NMSE=0.248268, Val NMSE=0.410430
Epoch 65/100: Train NMSE=0.240542, Val NMSE=0.408330
Epoch 66/100: Train NMSE=0.240227, Val NMSE=0.426196
Epoch 67/100: Train NMSE=0.228824, Val NMSE=0.415569
Epoch 68/100: Train NMSE=0.224853, Val NMSE=0.433513
Epoch 69/100: Train NMSE=0.222085, Val NMSE=0.434183
Epoch 70/100: Train NMSE=0.237541, Val NMSE=0.451226
Epoch 71/100: Train NMSE=0.228500, Val NMSE=0.426796
Epoch 72/100: Train NMSE=0.218806, Val NMSE=0.468603
Epoch 73/100: Train NMSE=0.234058, Val NMSE=0.444414
Epoch 74/100: Train NMSE=0.214659, Val NMSE=0.429108
Epoch 75/100: Train NMSE=0.216816, Val NMSE=0.445574
Epoch 76/100: Train NMSE=0.224609, Val NMSE=0.464014
Epoch 77/100: Train NMSE=0.214839, Val NMSE=0.438276
Epoch 78/100: Train NMSE=0.204369, Val NMSE=0.464220
Epoch 79/100: Train NMSE=0.207411, Val NMSE=0.468462
Epoch 80/100: Train NMSE=0.201016, Val NMSE=0.460453
Epoch 81/100: Train NMSE=0.204214, Val NMSE=0.463755
Epoch 82/100: Train NMSE=0.200506, Val NMSE=0.450972
Epoch 83/100: Train NMSE=0.188578, Val NMSE=0.450446
Epoch 84/100: Train NMSE=0.188921, Val NMSE=0.451553
Epoch 85/100: Train NMSE=0.214844, Val NMSE=0.470382
Epoch 86/100: Train NMSE=0.198053, Val NMSE=0.485598
Epoch 87/100: Train NMSE=0.193238, Val NMSE=0.513342
Epoch 88/100: Train NMSE=0.183346, Val NMSE=0.482369
Epoch 89/100: Train NMSE=0.201876, Val NMSE=0.454998
Epoch 90/100: Train NMSE=0.194806, Val NMSE=0.480833
Epoch 91/100: Train NMSE=0.193182, Val NMSE=0.500477
Epoch 92/100: Train NMSE=0.203253, Val NMSE=0.486583
Epoch 93/100: Train NMSE=0.201688, Val NMSE=0.468034
Epoch 94/100: Train NMSE=0.172267, Val NMSE=0.467193
Epoch 95/100: Train NMSE=0.167962, Val NMSE=0.482441
Epoch 96/100: Train NMSE=0.173535, Val NMSE=0.478607
Epoch 97/100: Train NMSE=0.171632, Val NMSE=0.510701
Epoch 98/100: Train NMSE=0.174385, Val NMSE=0.466592
Epoch 99/100: Train NMSE=0.167964, Val NMSE=0.490268
Epoch 100/100: Train NMSE=0.175626, Val NMSE=0.481539
{
  "mode": "zero_rss",
  "best_val_nmse": 0.3337866812944412,
  "test_nmse": 0.410741925239563,
  "test_db": -3.8643096558826406,
  "best_model": "deepmimo_multibs\\processed\\o1_60_rx0_tx10_11_12_channel\\runs\\zero_rss_ep100\\best_model.pth"
}
