{
  "mode": "ls_only",
  "data_dir": "deepmimo_multibs\\processed\\o1_60_rx0_tx10_11_12_channel_snr-5",
  "n_samples": 5000,
  "channel_dim": 16,
  "rss_dim": 0,
  "device": "cuda",
  "ls_file": "deepmimo_multibs\\processed\\o1_60_rx0_tx10_11_12_channel_snr-5\\ls_target_snr-5.npy"
}
Epoch 1/100: Train NMSE=24.059907, Val NMSE=1.945520
Saved best model with Val NMSE=1.945520
Epoch 2/100: Train NMSE=1.765831, Val NMSE=1.029032
Saved best model with Val NMSE=1.029032
Epoch 3/100: Train NMSE=1.117444, Val NMSE=0.834664
Saved best model with Val NMSE=0.834664
Epoch 4/100: Train NMSE=0.907911, Val NMSE=0.862729
Epoch 5/100: Train NMSE=0.792596, Val NMSE=0.871801
Epoch 6/100: Train NMSE=0.812516, Val NMSE=0.715956
Saved best model with Val NMSE=0.715956
Epoch 7/100: Train NMSE=0.760941, Val NMSE=0.774193
Epoch 8/100: Train NMSE=0.736696, Val NMSE=0.728282
Epoch 9/100: Train NMSE=0.757127, Val NMSE=0.717490
Epoch 10/100: Train NMSE=0.703293, Val NMSE=0.681304
Saved best model with Val NMSE=0.681304
Epoch 11/100: Train NMSE=0.710611, Val NMSE=0.769832
Epoch 12/100: Train NMSE=0.701777, Val NMSE=0.655364
Saved best model with Val NMSE=0.655364
Epoch 13/100: Train NMSE=0.679440, Val NMSE=0.679583
Epoch 14/100: Train NMSE=0.674418, Val NMSE=0.669963
Epoch 15/100: Train NMSE=0.662152, Val NMSE=0.634054
Saved best model with Val NMSE=0.634054
Epoch 16/100: Train NMSE=0.653848, Val NMSE=0.664944
Epoch 17/100: Train NMSE=0.672122, Val NMSE=0.655506
Epoch 18/100: Train NMSE=0.665480, Val NMSE=0.674326
Epoch 19/100: Train NMSE=0.653206, Val NMSE=0.705168
Epoch 20/100: Train NMSE=0.653479, Val NMSE=0.660966
Epoch 21/100: Train NMSE=0.635958, Val NMSE=0.659199
Epoch 22/100: Train NMSE=0.642803, Val NMSE=0.745277
Epoch 23/100: Train NMSE=0.676785, Val NMSE=0.815754
Epoch 24/100: Train NMSE=0.639082, Val NMSE=0.622323
Saved best model with Val NMSE=0.622323
Epoch 25/100: Train NMSE=0.639428, Val NMSE=0.783830
Epoch 26/100: Train NMSE=0.615783, Val NMSE=0.740712
Epoch 27/100: Train NMSE=0.628978, Val NMSE=0.649864
Epoch 28/100: Train NMSE=0.601205, Val NMSE=0.651430
Epoch 29/100: Train NMSE=0.591643, Val NMSE=0.698189
Epoch 30/100: Train NMSE=0.607221, Val NMSE=0.681038
Epoch 31/100: Train NMSE=0.608531, Val NMSE=0.663442
Epoch 32/100: Train NMSE=0.587366, Val NMSE=0.680108
Epoch 33/100: Train NMSE=0.603344, Val NMSE=0.685700
Epoch 34/100: Train NMSE=0.587908, Val NMSE=0.682932
Epoch 35/100: Train NMSE=0.592629, Val NMSE=0.888393
Epoch 36/100: Train NMSE=0.672737, Val NMSE=0.661860
Epoch 37/100: Train NMSE=0.723740, Val NMSE=0.726772
Epoch 38/100: Train NMSE=0.597429, Val NMSE=0.700190
Epoch 39/100: Train NMSE=0.577114, Val NMSE=0.730511
Epoch 40/100: Train NMSE=0.627786, Val NMSE=0.649302
Epoch 41/100: Train NMSE=0.593977, Val NMSE=0.714530
Epoch 42/100: Train NMSE=0.597263, Val NMSE=0.695933
Epoch 43/100: Train NMSE=0.565307, Val NMSE=0.679115
Epoch 44/100: Train NMSE=0.548258, Val NMSE=0.712459
Epoch 45/100: Train NMSE=0.582771, Val NMSE=0.722090
Epoch 46/100: Train NMSE=0.547263, Val NMSE=0.725405
Epoch 47/100: Train NMSE=0.560004, Val NMSE=0.743240
Epoch 48/100: Train NMSE=0.554926, Val NMSE=0.691050
Epoch 49/100: Train NMSE=0.538682, Val NMSE=0.698368
Epoch 50/100: Train NMSE=0.531093, Val NMSE=0.721543
Epoch 51/100: Train NMSE=0.528027, Val NMSE=0.690254
Epoch 52/100: Train NMSE=0.533519, Val NMSE=0.695513
Epoch 53/100: Train NMSE=0.536316, Val NMSE=0.815311
Epoch 54/100: Train NMSE=0.541703, Val NMSE=0.745596
Epoch 55/100: Train NMSE=0.518531, Val NMSE=0.796370
Epoch 56/100: Train NMSE=0.532972, Val NMSE=0.776408
Epoch 57/100: Train NMSE=0.518463, Val NMSE=0.695062
Epoch 58/100: Train NMSE=0.504948, Val NMSE=0.718668
Epoch 59/100: Train NMSE=0.514477, Val NMSE=0.881850
Epoch 60/100: Train NMSE=0.600983, Val NMSE=0.735958
Epoch 61/100: Train NMSE=0.507746, Val NMSE=0.721602
Epoch 62/100: Train NMSE=0.494760, Val NMSE=0.744561
Epoch 63/100: Train NMSE=0.498150, Val NMSE=0.791975
Epoch 64/100: Train NMSE=0.505740, Val NMSE=0.768980
Epoch 65/100: Train NMSE=0.494029, Val NMSE=0.759952
Epoch 66/100: Train NMSE=0.472155, Val NMSE=0.772421
Epoch 67/100: Train NMSE=0.462788, Val NMSE=0.773353
Epoch 68/100: Train NMSE=0.476030, Val NMSE=0.761649
Epoch 69/100: Train NMSE=0.466456, Val NMSE=0.795466
Epoch 70/100: Train NMSE=0.459989, Val NMSE=0.766364
Epoch 71/100: Train NMSE=0.528094, Val NMSE=0.823618
Epoch 72/100: Train NMSE=0.455993, Val NMSE=0.769318
Epoch 73/100: Train NMSE=0.457113, Val NMSE=0.777333
Epoch 74/100: Train NMSE=0.486776, Val NMSE=0.767236
Epoch 75/100: Train NMSE=0.460531, Val NMSE=0.826667
Epoch 76/100: Train NMSE=0.440574, Val NMSE=0.898197
Epoch 77/100: Train NMSE=0.490315, Val NMSE=0.855452
Epoch 78/100: Train NMSE=0.453712, Val NMSE=0.790256
Epoch 79/100: Train NMSE=0.425033, Val NMSE=0.785786
Epoch 80/100: Train NMSE=0.441693, Val NMSE=0.804808
Epoch 81/100: Train NMSE=0.432525, Val NMSE=0.850062
Epoch 82/100: Train NMSE=0.417334, Val NMSE=0.817957
Epoch 83/100: Train NMSE=0.432617, Val NMSE=0.853979
Epoch 84/100: Train NMSE=0.429586, Val NMSE=0.813332
Epoch 85/100: Train NMSE=0.428906, Val NMSE=0.807852
Epoch 86/100: Train NMSE=0.432053, Val NMSE=0.878464
Epoch 87/100: Train NMSE=0.449576, Val NMSE=0.875335
Epoch 88/100: Train NMSE=0.434876, Val NMSE=0.838264
Epoch 89/100: Train NMSE=0.410639, Val NMSE=0.840885
Epoch 90/100: Train NMSE=0.396288, Val NMSE=0.901335
Epoch 91/100: Train NMSE=0.424282, Val NMSE=0.894866
Epoch 92/100: Train NMSE=0.438369, Val NMSE=0.868767
Epoch 93/100: Train NMSE=0.413338, Val NMSE=0.832694
Epoch 94/100: Train NMSE=0.394373, Val NMSE=0.912132
Epoch 95/100: Train NMSE=0.382366, Val NMSE=0.841516
Epoch 96/100: Train NMSE=0.371627, Val NMSE=0.856250
Epoch 97/100: Train NMSE=0.385932, Val NMSE=0.905460
Epoch 98/100: Train NMSE=0.429586, Val NMSE=0.857119
Epoch 99/100: Train NMSE=0.388059, Val NMSE=0.884060
Epoch 100/100: Train NMSE=0.393414, Val NMSE=0.919918
{
  "mode": "ls_only",
  "best_val_nmse": 0.6223229169845581,
  "test_nmse": 0.7542234063148499,
  "test_db": -1.2249999397276519,
  "best_model": "deepmimo_multibs\\processed\\o1_60_rx0_tx10_11_12_channel_snr-5\\runs\\ls_only_ep100\\best_model.pth"
}
