{
  "mode": "multibs_rss",
  "data_dir": "deepmimo_multibs\\processed\\o1_60_rx0_tx10_11_12_channel_snr-5",
  "n_samples": 5000,
  "channel_dim": 16,
  "rss_dim": 3,
  "device": "cuda",
  "ls_file": "deepmimo_multibs\\processed\\o1_60_rx0_tx10_11_12_channel_snr-5\\ls_target_snr-5.npy"
}
Epoch 1/100: Train NMSE=23.193221, Val NMSE=4.687543
Saved best model with Val NMSE=4.687543
Epoch 2/100: Train NMSE=3.255022, Val NMSE=2.132897
Saved best model with Val NMSE=2.132897
Epoch 3/100: Train NMSE=1.893682, Val NMSE=1.547514
Saved best model with Val NMSE=1.547514
Epoch 4/100: Train NMSE=1.289312, Val NMSE=1.183693
Saved best model with Val NMSE=1.183693
Epoch 5/100: Train NMSE=1.071815, Val NMSE=0.966341
Saved best model with Val NMSE=0.966341
Epoch 6/100: Train NMSE=0.999160, Val NMSE=0.884957
Saved best model with Val NMSE=0.884957
Epoch 7/100: Train NMSE=0.933401, Val NMSE=0.812546
Saved best model with Val NMSE=0.812546
Epoch 8/100: Train NMSE=0.866180, Val NMSE=0.885867
Epoch 9/100: Train NMSE=0.839667, Val NMSE=0.786723
Saved best model with Val NMSE=0.786723
Epoch 10/100: Train NMSE=0.819621, Val NMSE=0.815180
Epoch 11/100: Train NMSE=0.802262, Val NMSE=0.798449
Epoch 12/100: Train NMSE=0.841553, Val NMSE=0.954311
Epoch 13/100: Train NMSE=0.829387, Val NMSE=0.881289
Epoch 14/100: Train NMSE=0.837684, Val NMSE=0.820788
Epoch 15/100: Train NMSE=0.781136, Val NMSE=0.831209
Epoch 16/100: Train NMSE=0.751526, Val NMSE=0.740328
Saved best model with Val NMSE=0.740328
Epoch 17/100: Train NMSE=0.688294, Val NMSE=0.685809
Saved best model with Val NMSE=0.685809
Epoch 18/100: Train NMSE=0.716919, Val NMSE=0.681320
Saved best model with Val NMSE=0.681320
Epoch 19/100: Train NMSE=0.687982, Val NMSE=0.756952
Epoch 20/100: Train NMSE=0.677295, Val NMSE=0.729897
Epoch 21/100: Train NMSE=0.667719, Val NMSE=0.695239
Epoch 22/100: Train NMSE=0.683298, Val NMSE=0.720152
Epoch 23/100: Train NMSE=0.662879, Val NMSE=0.684022
Epoch 24/100: Train NMSE=0.670674, Val NMSE=0.766303
Epoch 25/100: Train NMSE=0.654808, Val NMSE=0.717674
Epoch 26/100: Train NMSE=0.670950, Val NMSE=0.717742
Epoch 27/100: Train NMSE=0.647109, Val NMSE=0.766331
Epoch 28/100: Train NMSE=0.644628, Val NMSE=0.685061
Epoch 29/100: Train NMSE=0.639935, Val NMSE=0.751083
Epoch 30/100: Train NMSE=0.685097, Val NMSE=0.716221
Epoch 31/100: Train NMSE=0.645286, Val NMSE=0.693168
Epoch 32/100: Train NMSE=0.640321, Val NMSE=0.780922
Epoch 33/100: Train NMSE=0.626684, Val NMSE=0.772226
Epoch 34/100: Train NMSE=0.656088, Val NMSE=0.751848
Epoch 35/100: Train NMSE=0.669179, Val NMSE=0.645725
Saved best model with Val NMSE=0.645725
Epoch 36/100: Train NMSE=0.622234, Val NMSE=0.696263
Epoch 37/100: Train NMSE=0.602989, Val NMSE=0.665736
Epoch 38/100: Train NMSE=0.586402, Val NMSE=0.690567
Epoch 39/100: Train NMSE=0.571840, Val NMSE=0.730013
Epoch 40/100: Train NMSE=0.582687, Val NMSE=0.711769
Epoch 41/100: Train NMSE=0.627505, Val NMSE=0.728155
Epoch 42/100: Train NMSE=0.602153, Val NMSE=0.688557
Epoch 43/100: Train NMSE=0.599242, Val NMSE=0.692343
Epoch 44/100: Train NMSE=0.581481, Val NMSE=0.688132
Epoch 45/100: Train NMSE=0.563960, Val NMSE=0.693276
Epoch 46/100: Train NMSE=0.583964, Val NMSE=0.666525
Epoch 47/100: Train NMSE=0.555310, Val NMSE=0.676838
Epoch 48/100: Train NMSE=0.584812, Val NMSE=0.725601
Epoch 49/100: Train NMSE=0.594701, Val NMSE=0.698084
Epoch 50/100: Train NMSE=0.609149, Val NMSE=0.750232
Epoch 51/100: Train NMSE=0.581286, Val NMSE=0.680286
Epoch 52/100: Train NMSE=0.540240, Val NMSE=0.742579
Epoch 53/100: Train NMSE=0.539281, Val NMSE=0.684963
Epoch 54/100: Train NMSE=0.524869, Val NMSE=0.689083
Epoch 55/100: Train NMSE=0.570568, Val NMSE=0.751398
Epoch 56/100: Train NMSE=0.542581, Val NMSE=0.696514
Epoch 57/100: Train NMSE=0.548391, Val NMSE=0.707473
Epoch 58/100: Train NMSE=0.530859, Val NMSE=0.697557
Epoch 59/100: Train NMSE=0.540173, Val NMSE=0.723713
Epoch 60/100: Train NMSE=0.546973, Val NMSE=0.693904
Epoch 61/100: Train NMSE=0.517680, Val NMSE=0.692962
Epoch 62/100: Train NMSE=0.506398, Val NMSE=0.711565
Epoch 63/100: Train NMSE=0.507780, Val NMSE=0.725021
Epoch 64/100: Train NMSE=0.508495, Val NMSE=0.735868
Epoch 65/100: Train NMSE=0.508361, Val NMSE=0.700050
Epoch 66/100: Train NMSE=0.496552, Val NMSE=0.710450
Epoch 67/100: Train NMSE=0.501422, Val NMSE=0.697479
Epoch 68/100: Train NMSE=0.497756, Val NMSE=0.783813
Epoch 69/100: Train NMSE=0.486272, Val NMSE=0.763036
Epoch 70/100: Train NMSE=0.490337, Val NMSE=0.757000
Epoch 71/100: Train NMSE=0.479807, Val NMSE=0.788671
Epoch 72/100: Train NMSE=0.478166, Val NMSE=0.749861
Epoch 73/100: Train NMSE=0.493883, Val NMSE=0.752919
Epoch 74/100: Train NMSE=0.537651, Val NMSE=0.851991
Epoch 75/100: Train NMSE=0.500735, Val NMSE=0.728605
Epoch 76/100: Train NMSE=0.467078, Val NMSE=0.789901
Epoch 77/100: Train NMSE=0.493007, Val NMSE=0.743575
Epoch 78/100: Train NMSE=0.451451, Val NMSE=0.734583
Epoch 79/100: Train NMSE=0.464012, Val NMSE=0.764151
Epoch 80/100: Train NMSE=0.445601, Val NMSE=0.728073
Epoch 81/100: Train NMSE=0.435366, Val NMSE=0.782113
Epoch 82/100: Train NMSE=0.443671, Val NMSE=0.781875
Epoch 83/100: Train NMSE=0.445711, Val NMSE=0.801471
Epoch 84/100: Train NMSE=0.467218, Val NMSE=0.840959
Epoch 85/100: Train NMSE=0.461861, Val NMSE=0.777867
Epoch 86/100: Train NMSE=0.460857, Val NMSE=0.802024
Epoch 87/100: Train NMSE=0.441231, Val NMSE=0.766504
Epoch 88/100: Train NMSE=0.433703, Val NMSE=0.781125
Epoch 89/100: Train NMSE=0.425035, Val NMSE=0.767260
Epoch 90/100: Train NMSE=0.424799, Val NMSE=0.748568
Epoch 91/100: Train NMSE=0.444370, Val NMSE=0.790663
Epoch 92/100: Train NMSE=0.431643, Val NMSE=0.823552
Epoch 93/100: Train NMSE=0.422208, Val NMSE=0.828636
Epoch 94/100: Train NMSE=0.425552, Val NMSE=0.778544
Epoch 95/100: Train NMSE=0.418432, Val NMSE=0.815903
Epoch 96/100: Train NMSE=0.409063, Val NMSE=0.779800
Epoch 97/100: Train NMSE=0.393828, Val NMSE=0.804434
Epoch 98/100: Train NMSE=0.391487, Val NMSE=0.789189
Epoch 99/100: Train NMSE=0.395522, Val NMSE=0.786836
Epoch 100/100: Train NMSE=0.400441, Val NMSE=0.859309
{
  "mode": "multibs_rss",
  "best_val_nmse": 0.6457252204418182,
  "test_nmse": 0.7940149009227753,
  "test_db": -1.0017134728598514,
  "best_model": "deepmimo_multibs\\processed\\o1_60_rx0_tx10_11_12_channel_snr-5\\runs\\multibs_rss_ep100\\best_model.pth"
}
