{
  "mode": "shuffled_rss",
  "data_dir": "deepmimo_multibs\\processed\\o1_60_rx0_tx10_11_12_channel_snr-5",
  "n_samples": 5000,
  "channel_dim": 16,
  "rss_dim": 3,
  "device": "cuda",
  "ls_file": "deepmimo_multibs\\processed\\o1_60_rx0_tx10_11_12_channel_snr-5\\ls_target_snr-5.npy"
}
Epoch 1/100: Train NMSE=23.799540, Val NMSE=4.769072
Saved best model with Val NMSE=4.769072
Epoch 2/100: Train NMSE=3.390133, Val NMSE=1.998042
Saved best model with Val NMSE=1.998042
Epoch 3/100: Train NMSE=1.727746, Val NMSE=1.402168
Saved best model with Val NMSE=1.402168
Epoch 4/100: Train NMSE=1.310147, Val NMSE=1.146437
Saved best model with Val NMSE=1.146437
Epoch 5/100: Train NMSE=1.148853, Val NMSE=1.036429
Saved best model with Val NMSE=1.036429
Epoch 6/100: Train NMSE=0.975614, Val NMSE=0.984230
Saved best model with Val NMSE=0.984230
Epoch 7/100: Train NMSE=0.975197, Val NMSE=0.910700
Saved best model with Val NMSE=0.910700
Epoch 8/100: Train NMSE=0.904240, Val NMSE=0.809722
Saved best model with Val NMSE=0.809722
Epoch 9/100: Train NMSE=0.820748, Val NMSE=0.824407
Epoch 10/100: Train NMSE=0.829519, Val NMSE=0.930933
Epoch 11/100: Train NMSE=0.794671, Val NMSE=0.906777
Epoch 12/100: Train NMSE=0.833246, Val NMSE=0.724044
Saved best model with Val NMSE=0.724044
Epoch 13/100: Train NMSE=0.778678, Val NMSE=0.778928
Epoch 14/100: Train NMSE=0.876777, Val NMSE=0.863391
Epoch 15/100: Train NMSE=0.826444, Val NMSE=0.862055
Epoch 16/100: Train NMSE=0.825750, Val NMSE=0.778866
Epoch 17/100: Train NMSE=0.757918, Val NMSE=0.734654
Epoch 18/100: Train NMSE=0.780373, Val NMSE=0.710623
Saved best model with Val NMSE=0.710623
Epoch 19/100: Train NMSE=0.702693, Val NMSE=0.826778
Epoch 20/100: Train NMSE=0.726744, Val NMSE=0.791256
Epoch 21/100: Train NMSE=0.701238, Val NMSE=0.749922
Epoch 22/100: Train NMSE=0.679784, Val NMSE=0.708113
Saved best model with Val NMSE=0.708113
Epoch 23/100: Train NMSE=0.663975, Val NMSE=0.735022
Epoch 24/100: Train NMSE=0.652680, Val NMSE=0.693451
Saved best model with Val NMSE=0.693451
Epoch 25/100: Train NMSE=0.675762, Val NMSE=0.712028
Epoch 26/100: Train NMSE=0.649734, Val NMSE=0.727212
Epoch 27/100: Train NMSE=0.639127, Val NMSE=0.707988
Epoch 28/100: Train NMSE=0.642597, Val NMSE=0.739201
Epoch 29/100: Train NMSE=0.646326, Val NMSE=0.743868
Epoch 30/100: Train NMSE=0.617459, Val NMSE=0.667065
Saved best model with Val NMSE=0.667065
Epoch 31/100: Train NMSE=0.607395, Val NMSE=0.700852
Epoch 32/100: Train NMSE=0.610767, Val NMSE=0.694259
Epoch 33/100: Train NMSE=0.630172, Val NMSE=0.724806
Epoch 34/100: Train NMSE=0.626635, Val NMSE=0.730963
Epoch 35/100: Train NMSE=0.589546, Val NMSE=0.679413
Epoch 36/100: Train NMSE=0.627110, Val NMSE=0.728530
Epoch 37/100: Train NMSE=0.642101, Val NMSE=0.718506
Epoch 38/100: Train NMSE=0.660168, Val NMSE=0.786357
Epoch 39/100: Train NMSE=0.615249, Val NMSE=0.766777
Epoch 40/100: Train NMSE=0.596154, Val NMSE=0.798681
Epoch 41/100: Train NMSE=0.661786, Val NMSE=0.752939
Epoch 42/100: Train NMSE=0.600060, Val NMSE=0.685817
Epoch 43/100: Train NMSE=0.583006, Val NMSE=0.723597
Epoch 44/100: Train NMSE=0.580205, Val NMSE=0.705900
Epoch 45/100: Train NMSE=0.585754, Val NMSE=0.831975
Epoch 46/100: Train NMSE=0.643441, Val NMSE=0.778279
Epoch 47/100: Train NMSE=0.602954, Val NMSE=0.692774
Epoch 48/100: Train NMSE=0.574565, Val NMSE=0.731799
Epoch 49/100: Train NMSE=0.581084, Val NMSE=0.708076
Epoch 50/100: Train NMSE=0.587391, Val NMSE=0.702109
Epoch 51/100: Train NMSE=0.579349, Val NMSE=0.722792
Epoch 52/100: Train NMSE=0.563596, Val NMSE=0.807401
Epoch 53/100: Train NMSE=0.579248, Val NMSE=0.824641
Epoch 54/100: Train NMSE=0.560468, Val NMSE=0.706790
Epoch 55/100: Train NMSE=0.524955, Val NMSE=0.759745
Epoch 56/100: Train NMSE=0.534918, Val NMSE=0.788102
Epoch 57/100: Train NMSE=0.543423, Val NMSE=0.735822
Epoch 58/100: Train NMSE=0.544609, Val NMSE=0.737281
Epoch 59/100: Train NMSE=0.541069, Val NMSE=0.736607
Epoch 60/100: Train NMSE=0.573264, Val NMSE=0.765337
Epoch 61/100: Train NMSE=0.505234, Val NMSE=0.727698
Epoch 62/100: Train NMSE=0.525665, Val NMSE=0.744164
Epoch 63/100: Train NMSE=0.521939, Val NMSE=0.722534
Epoch 64/100: Train NMSE=0.502828, Val NMSE=0.792777
Epoch 65/100: Train NMSE=0.543518, Val NMSE=0.762952
Epoch 66/100: Train NMSE=0.514512, Val NMSE=0.762530
Epoch 67/100: Train NMSE=0.517001, Val NMSE=0.722982
Epoch 68/100: Train NMSE=0.504124, Val NMSE=0.826567
Epoch 69/100: Train NMSE=0.492758, Val NMSE=0.741915
Epoch 70/100: Train NMSE=0.482517, Val NMSE=0.745820
Epoch 71/100: Train NMSE=0.464534, Val NMSE=0.780882
Epoch 72/100: Train NMSE=0.475511, Val NMSE=0.773217
Epoch 73/100: Train NMSE=0.477703, Val NMSE=0.771381
Epoch 74/100: Train NMSE=0.479628, Val NMSE=0.778594
Epoch 75/100: Train NMSE=0.486358, Val NMSE=0.759710
Epoch 76/100: Train NMSE=0.472590, Val NMSE=0.782142
Epoch 77/100: Train NMSE=0.477079, Val NMSE=0.768467
Epoch 78/100: Train NMSE=0.449636, Val NMSE=0.779626
Epoch 79/100: Train NMSE=0.459275, Val NMSE=0.802980
Epoch 80/100: Train NMSE=0.456301, Val NMSE=0.782227
Epoch 81/100: Train NMSE=0.448987, Val NMSE=0.797313
Epoch 82/100: Train NMSE=0.449885, Val NMSE=0.829884
Epoch 83/100: Train NMSE=0.449130, Val NMSE=0.788316
Epoch 84/100: Train NMSE=0.437737, Val NMSE=0.795697
Epoch 85/100: Train NMSE=0.439802, Val NMSE=0.794106
Epoch 86/100: Train NMSE=0.428388, Val NMSE=0.808025
Epoch 87/100: Train NMSE=0.426376, Val NMSE=0.787654
Epoch 88/100: Train NMSE=0.442086, Val NMSE=0.762536
Epoch 89/100: Train NMSE=0.428192, Val NMSE=0.812689
Epoch 90/100: Train NMSE=0.430702, Val NMSE=0.815964
Epoch 91/100: Train NMSE=0.450419, Val NMSE=0.792026
Epoch 92/100: Train NMSE=0.409231, Val NMSE=0.834420
Epoch 93/100: Train NMSE=0.430376, Val NMSE=0.808327
Epoch 94/100: Train NMSE=0.439135, Val NMSE=0.821903
Epoch 95/100: Train NMSE=0.427282, Val NMSE=0.800431
Epoch 96/100: Train NMSE=0.381458, Val NMSE=0.805976
Epoch 97/100: Train NMSE=0.431128, Val NMSE=0.827817
Epoch 98/100: Train NMSE=0.420500, Val NMSE=0.784929
Epoch 99/100: Train NMSE=0.401165, Val NMSE=0.805391
Epoch 100/100: Train NMSE=0.381822, Val NMSE=0.841560
{
  "mode": "shuffled_rss",
  "best_val_nmse": 0.6670654714107513,
  "test_nmse": 0.774373471736908,
  "test_db": -1.1104953337995198,
  "best_model": "deepmimo_multibs\\processed\\o1_60_rx0_tx10_11_12_channel_snr-5\\runs\\shuffled_rss_ep100\\best_model.pth"
}
