{
  "mode": "single_rss",
  "data_dir": "deepmimo_multibs\\processed\\o1_60_rx0_tx10_11_12_channel_snr-5",
  "n_samples": 5000,
  "channel_dim": 16,
  "rss_dim": 1,
  "device": "cuda",
  "ls_file": "deepmimo_multibs\\processed\\o1_60_rx0_tx10_11_12_channel_snr-5\\ls_target_snr-5.npy"
}
Epoch 1/100: Train NMSE=24.330061, Val NMSE=2.526599
Saved best model with Val NMSE=2.526599
Epoch 2/100: Train NMSE=2.204942, Val NMSE=1.541843
Saved best model with Val NMSE=1.541843
Epoch 3/100: Train NMSE=1.282601, Val NMSE=1.079353
Saved best model with Val NMSE=1.079353
Epoch 4/100: Train NMSE=0.974661, Val NMSE=0.890681
Saved best model with Val NMSE=0.890681
Epoch 5/100: Train NMSE=0.864844, Val NMSE=0.779887
Saved best model with Val NMSE=0.779887
Epoch 6/100: Train NMSE=0.822084, Val NMSE=0.845893
Epoch 7/100: Train NMSE=0.837559, Val NMSE=0.752377
Saved best model with Val NMSE=0.752377
Epoch 8/100: Train NMSE=0.789512, Val NMSE=0.782371
Epoch 9/100: Train NMSE=0.781741, Val NMSE=0.718477
Saved best model with Val NMSE=0.718477
Epoch 10/100: Train NMSE=0.796344, Val NMSE=0.723085
Epoch 11/100: Train NMSE=0.766929, Val NMSE=0.733054
Epoch 12/100: Train NMSE=0.741879, Val NMSE=0.672112
Saved best model with Val NMSE=0.672112
Epoch 13/100: Train NMSE=0.730476, Val NMSE=0.702780
Epoch 14/100: Train NMSE=0.721350, Val NMSE=0.784679
Epoch 15/100: Train NMSE=0.727717, Val NMSE=0.808904
Epoch 16/100: Train NMSE=0.737910, Val NMSE=0.694673
Epoch 17/100: Train NMSE=0.693938, Val NMSE=0.761508
Epoch 18/100: Train NMSE=0.725734, Val NMSE=0.811012
Epoch 19/100: Train NMSE=0.720112, Val NMSE=0.669724
Saved best model with Val NMSE=0.669724
Epoch 20/100: Train NMSE=0.675963, Val NMSE=0.667464
Saved best model with Val NMSE=0.667464
Epoch 21/100: Train NMSE=0.766699, Val NMSE=0.710647
Epoch 22/100: Train NMSE=0.683627, Val NMSE=0.670350
Epoch 23/100: Train NMSE=0.666913, Val NMSE=0.682960
Epoch 24/100: Train NMSE=0.651246, Val NMSE=0.748431
Epoch 25/100: Train NMSE=0.675889, Val NMSE=0.711270
Epoch 26/100: Train NMSE=0.744244, Val NMSE=0.719172
Epoch 27/100: Train NMSE=0.695415, Val NMSE=0.674785
Epoch 28/100: Train NMSE=0.648087, Val NMSE=0.726536
Epoch 29/100: Train NMSE=0.624599, Val NMSE=0.659897
Saved best model with Val NMSE=0.659897
Epoch 30/100: Train NMSE=0.613225, Val NMSE=0.665939
Epoch 31/100: Train NMSE=0.657678, Val NMSE=0.690320
Epoch 32/100: Train NMSE=0.663388, Val NMSE=0.679436
Epoch 33/100: Train NMSE=0.686711, Val NMSE=0.683350
Epoch 34/100: Train NMSE=0.595473, Val NMSE=0.666033
Epoch 35/100: Train NMSE=0.626948, Val NMSE=0.713951
Epoch 36/100: Train NMSE=0.614089, Val NMSE=0.701629
Epoch 37/100: Train NMSE=0.617405, Val NMSE=0.691539
Epoch 38/100: Train NMSE=0.592078, Val NMSE=0.687278
Epoch 39/100: Train NMSE=0.592466, Val NMSE=0.710265
Epoch 40/100: Train NMSE=0.596699, Val NMSE=0.717197
Epoch 41/100: Train NMSE=0.571272, Val NMSE=0.699624
Epoch 42/100: Train NMSE=0.571168, Val NMSE=0.738289
Epoch 43/100: Train NMSE=0.562173, Val NMSE=0.671127
Epoch 44/100: Train NMSE=0.567644, Val NMSE=0.725327
Epoch 45/100: Train NMSE=0.558262, Val NMSE=0.672650
Epoch 46/100: Train NMSE=0.602091, Val NMSE=0.761361
Epoch 47/100: Train NMSE=0.573393, Val NMSE=0.726723
Epoch 48/100: Train NMSE=0.546587, Val NMSE=0.720368
Epoch 49/100: Train NMSE=0.556317, Val NMSE=0.703070
Epoch 50/100: Train NMSE=0.545861, Val NMSE=0.702295
Epoch 51/100: Train NMSE=0.543283, Val NMSE=0.696495
Epoch 52/100: Train NMSE=0.553751, Val NMSE=0.689367
Epoch 53/100: Train NMSE=0.567884, Val NMSE=0.693217
Epoch 54/100: Train NMSE=0.542353, Val NMSE=0.739719
Epoch 55/100: Train NMSE=0.537455, Val NMSE=0.674832
Epoch 56/100: Train NMSE=0.528120, Val NMSE=0.726921
Epoch 57/100: Train NMSE=0.522330, Val NMSE=0.713521
Epoch 58/100: Train NMSE=0.514092, Val NMSE=0.802030
Epoch 59/100: Train NMSE=0.517774, Val NMSE=0.719463
Epoch 60/100: Train NMSE=0.520088, Val NMSE=0.763922
Epoch 61/100: Train NMSE=0.514493, Val NMSE=0.783916
Epoch 62/100: Train NMSE=0.518078, Val NMSE=0.774360
Epoch 63/100: Train NMSE=0.527981, Val NMSE=0.789048
Epoch 64/100: Train NMSE=0.508139, Val NMSE=0.733415
Epoch 65/100: Train NMSE=0.536023, Val NMSE=0.753216
Epoch 66/100: Train NMSE=0.494071, Val NMSE=0.735002
Epoch 67/100: Train NMSE=0.503979, Val NMSE=0.783995
Epoch 68/100: Train NMSE=0.486549, Val NMSE=0.730311
Epoch 69/100: Train NMSE=0.483350, Val NMSE=0.780044
Epoch 70/100: Train NMSE=0.480167, Val NMSE=0.799574
Epoch 71/100: Train NMSE=0.495787, Val NMSE=0.769226
Epoch 72/100: Train NMSE=0.483839, Val NMSE=0.752449
Epoch 73/100: Train NMSE=0.515441, Val NMSE=0.772278
Epoch 74/100: Train NMSE=0.476563, Val NMSE=0.758420
Epoch 75/100: Train NMSE=0.455411, Val NMSE=0.784163
Epoch 76/100: Train NMSE=0.473895, Val NMSE=0.790822
Epoch 77/100: Train NMSE=0.473891, Val NMSE=0.804951
Epoch 78/100: Train NMSE=0.494506, Val NMSE=0.777408
Epoch 79/100: Train NMSE=0.452661, Val NMSE=0.766084
Epoch 80/100: Train NMSE=0.436033, Val NMSE=0.781142
Epoch 81/100: Train NMSE=0.473258, Val NMSE=0.774971
Epoch 82/100: Train NMSE=0.460689, Val NMSE=0.830761
Epoch 83/100: Train NMSE=0.459340, Val NMSE=0.830885
Epoch 84/100: Train NMSE=0.446491, Val NMSE=0.819339
Epoch 85/100: Train NMSE=0.437235, Val NMSE=0.802670
Epoch 86/100: Train NMSE=0.428992, Val NMSE=0.861366
Epoch 87/100: Train NMSE=0.445759, Val NMSE=0.839871
Epoch 88/100: Train NMSE=0.436050, Val NMSE=0.854731
Epoch 89/100: Train NMSE=0.414395, Val NMSE=0.828781
Epoch 90/100: Train NMSE=0.421241, Val NMSE=0.843224
Epoch 91/100: Train NMSE=0.430315, Val NMSE=0.890550
Epoch 92/100: Train NMSE=0.456060, Val NMSE=0.870622
Epoch 93/100: Train NMSE=0.433183, Val NMSE=0.839748
Epoch 94/100: Train NMSE=0.401149, Val NMSE=0.849677
Epoch 95/100: Train NMSE=0.405673, Val NMSE=0.859318
Epoch 96/100: Train NMSE=0.399121, Val NMSE=0.859640
Epoch 97/100: Train NMSE=0.431912, Val NMSE=0.815613
Epoch 98/100: Train NMSE=0.375228, Val NMSE=0.907471
Epoch 99/100: Train NMSE=0.380325, Val NMSE=0.866141
Epoch 100/100: Train NMSE=0.377028, Val NMSE=0.848066
{
  "mode": "single_rss",
  "best_val_nmse": 0.6598967015743256,
  "test_nmse": 0.7931068539619446,
  "test_db": -1.0066829697017123,
  "best_model": "deepmimo_multibs\\processed\\o1_60_rx0_tx10_11_12_channel_snr-5\\runs\\single_rss_ep100\\best_model.pth"
}
