{
  "mode": "zero_rss",
  "data_dir": "deepmimo_multibs\\processed\\o1_60_rx0_tx10_11_12_channel_snr-5",
  "n_samples": 5000,
  "channel_dim": 16,
  "rss_dim": 3,
  "device": "cuda",
  "ls_file": "deepmimo_multibs\\processed\\o1_60_rx0_tx10_11_12_channel_snr-5\\ls_target_snr-5.npy"
}
Epoch 1/100: Train NMSE=25.334460, Val NMSE=2.207733
Saved best model with Val NMSE=2.207733
Epoch 2/100: Train NMSE=1.807128, Val NMSE=1.353288
Saved best model with Val NMSE=1.353288
Epoch 3/100: Train NMSE=1.169654, Val NMSE=0.772780
Saved best model with Val NMSE=0.772780
Epoch 4/100: Train NMSE=0.917810, Val NMSE=0.904580
Epoch 5/100: Train NMSE=0.904449, Val NMSE=0.943161
Epoch 6/100: Train NMSE=0.888281, Val NMSE=0.700347
Saved best model with Val NMSE=0.700347
Epoch 7/100: Train NMSE=0.786585, Val NMSE=0.673849
Saved best model with Val NMSE=0.673849
Epoch 8/100: Train NMSE=0.778969, Val NMSE=0.695569
Epoch 9/100: Train NMSE=0.769509, Val NMSE=0.815831
Epoch 10/100: Train NMSE=0.732227, Val NMSE=0.676644
Epoch 11/100: Train NMSE=0.736961, Val NMSE=0.744656
Epoch 12/100: Train NMSE=0.721556, Val NMSE=0.676679
Epoch 13/100: Train NMSE=0.698132, Val NMSE=0.818984
Epoch 14/100: Train NMSE=0.759759, Val NMSE=0.733518
Epoch 15/100: Train NMSE=0.715733, Val NMSE=0.854946
Epoch 16/100: Train NMSE=0.726977, Val NMSE=0.670459
Saved best model with Val NMSE=0.670459
Epoch 17/100: Train NMSE=0.681809, Val NMSE=0.723107
Epoch 18/100: Train NMSE=0.670498, Val NMSE=0.643789
Saved best model with Val NMSE=0.643789
Epoch 19/100: Train NMSE=0.653104, Val NMSE=0.698425
Epoch 20/100: Train NMSE=0.635313, Val NMSE=0.697697
Epoch 21/100: Train NMSE=0.653300, Val NMSE=0.696160
Epoch 22/100: Train NMSE=0.712686, Val NMSE=0.705492
Epoch 23/100: Train NMSE=0.669321, Val NMSE=0.753081
Epoch 24/100: Train NMSE=0.653757, Val NMSE=0.798599
Epoch 25/100: Train NMSE=0.618324, Val NMSE=0.630063
Saved best model with Val NMSE=0.630063
Epoch 26/100: Train NMSE=0.627049, Val NMSE=0.675645
Epoch 27/100: Train NMSE=0.602849, Val NMSE=0.685643
Epoch 28/100: Train NMSE=0.630132, Val NMSE=0.706366
Epoch 29/100: Train NMSE=0.642776, Val NMSE=0.689969
Epoch 30/100: Train NMSE=0.597285, Val NMSE=0.725128
Epoch 31/100: Train NMSE=0.632787, Val NMSE=0.666029
Epoch 32/100: Train NMSE=0.589320, Val NMSE=0.667947
Epoch 33/100: Train NMSE=0.598478, Val NMSE=0.678093
Epoch 34/100: Train NMSE=0.626278, Val NMSE=0.691083
Epoch 35/100: Train NMSE=0.604132, Val NMSE=0.666905
Epoch 36/100: Train NMSE=0.583789, Val NMSE=0.712967
Epoch 37/100: Train NMSE=0.627903, Val NMSE=0.686213
Epoch 38/100: Train NMSE=0.597630, Val NMSE=0.728229
Epoch 39/100: Train NMSE=0.576686, Val NMSE=0.739887
Epoch 40/100: Train NMSE=0.569864, Val NMSE=0.736587
Epoch 41/100: Train NMSE=0.571894, Val NMSE=0.739669
Epoch 42/100: Train NMSE=0.564628, Val NMSE=0.734944
Epoch 43/100: Train NMSE=0.599809, Val NMSE=0.766335
Epoch 44/100: Train NMSE=0.566091, Val NMSE=0.728498
Epoch 45/100: Train NMSE=0.555892, Val NMSE=0.749672
Epoch 46/100: Train NMSE=0.539442, Val NMSE=0.724629
Epoch 47/100: Train NMSE=0.538804, Val NMSE=0.701092
Epoch 48/100: Train NMSE=0.568064, Val NMSE=0.870185
Epoch 49/100: Train NMSE=0.566970, Val NMSE=0.716902
Epoch 50/100: Train NMSE=0.530141, Val NMSE=0.708056
Epoch 51/100: Train NMSE=0.511917, Val NMSE=0.700144
Epoch 52/100: Train NMSE=0.543512, Val NMSE=0.748260
Epoch 53/100: Train NMSE=0.530024, Val NMSE=0.778512
Epoch 54/100: Train NMSE=0.514934, Val NMSE=0.741334
Epoch 55/100: Train NMSE=0.503136, Val NMSE=0.788538
Epoch 56/100: Train NMSE=0.514271, Val NMSE=0.751793
Epoch 57/100: Train NMSE=0.516073, Val NMSE=0.739241
Epoch 58/100: Train NMSE=0.532669, Val NMSE=0.750202
Epoch 59/100: Train NMSE=0.505127, Val NMSE=0.761927
Epoch 60/100: Train NMSE=0.485600, Val NMSE=0.751148
Epoch 61/100: Train NMSE=0.486679, Val NMSE=0.736145
Epoch 62/100: Train NMSE=0.511898, Val NMSE=0.801113
Epoch 63/100: Train NMSE=0.516593, Val NMSE=0.874031
Epoch 64/100: Train NMSE=0.509733, Val NMSE=0.774324
Epoch 65/100: Train NMSE=0.492017, Val NMSE=0.740119
Epoch 66/100: Train NMSE=0.481932, Val NMSE=0.773188
Epoch 67/100: Train NMSE=0.486961, Val NMSE=0.741066
Epoch 68/100: Train NMSE=0.495025, Val NMSE=0.814061
Epoch 69/100: Train NMSE=0.465207, Val NMSE=0.777856
Epoch 70/100: Train NMSE=0.490683, Val NMSE=0.777916
Epoch 71/100: Train NMSE=0.459303, Val NMSE=0.835214
Epoch 72/100: Train NMSE=0.452066, Val NMSE=0.844991
Epoch 73/100: Train NMSE=0.473853, Val NMSE=0.808898
Epoch 74/100: Train NMSE=0.461852, Val NMSE=0.815880
Epoch 75/100: Train NMSE=0.474664, Val NMSE=0.862257
Epoch 76/100: Train NMSE=0.467227, Val NMSE=0.871161
Epoch 77/100: Train NMSE=0.444904, Val NMSE=0.776331
Epoch 78/100: Train NMSE=0.448750, Val NMSE=0.812869
Epoch 79/100: Train NMSE=0.481831, Val NMSE=0.845464
Epoch 80/100: Train NMSE=0.433078, Val NMSE=0.840568
Epoch 81/100: Train NMSE=0.457955, Val NMSE=0.822950
Epoch 82/100: Train NMSE=0.434258, Val NMSE=0.794623
Epoch 83/100: Train NMSE=0.424924, Val NMSE=0.806943
Epoch 84/100: Train NMSE=0.412207, Val NMSE=0.820156
Epoch 85/100: Train NMSE=0.454601, Val NMSE=0.828169
Epoch 86/100: Train NMSE=0.424726, Val NMSE=0.917154
Epoch 87/100: Train NMSE=0.440575, Val NMSE=0.927672
Epoch 88/100: Train NMSE=0.418610, Val NMSE=0.831327
Epoch 89/100: Train NMSE=0.394733, Val NMSE=0.823511
Epoch 90/100: Train NMSE=0.420818, Val NMSE=0.806341
Epoch 91/100: Train NMSE=0.441270, Val NMSE=0.851255
Epoch 92/100: Train NMSE=0.437543, Val NMSE=0.872195
Epoch 93/100: Train NMSE=0.402586, Val NMSE=0.841768
Epoch 94/100: Train NMSE=0.375447, Val NMSE=0.865404
Epoch 95/100: Train NMSE=0.391260, Val NMSE=0.865742
Epoch 96/100: Train NMSE=0.394876, Val NMSE=0.865980
Epoch 97/100: Train NMSE=0.425167, Val NMSE=0.907214
Epoch 98/100: Train NMSE=0.380783, Val NMSE=0.868815
Epoch 99/100: Train NMSE=0.373147, Val NMSE=0.868627
Epoch 100/100: Train NMSE=0.356033, Val NMSE=0.887655
{
  "mode": "zero_rss",
  "best_val_nmse": 0.6300630867481232,
  "test_nmse": 0.7340872883796692,
  "test_db": -1.3425229620421013,
  "best_model": "deepmimo_multibs\\processed\\o1_60_rx0_tx10_11_12_channel_snr-5\\runs\\zero_rss_ep100\\best_model.pth"
}
