{
  "mode": "ls_only",
  "data_dir": "deepmimo_multibs\\processed\\o1_60_rx0_tx10_11_12_channel_snr-10",
  "n_samples": 5000,
  "channel_dim": 16,
  "rss_dim": 0,
  "device": "cuda",
  "ls_file": "deepmimo_multibs\\processed\\o1_60_rx0_tx10_11_12_channel_snr-10\\ls_target_snr-10.npy"
}
Epoch 1/100: Train NMSE=68.950397, Val NMSE=4.738197
Saved best model with Val NMSE=4.738197
Epoch 2/100: Train NMSE=4.128242, Val NMSE=2.264318
Saved best model with Val NMSE=2.264318
Epoch 3/100: Train NMSE=2.039164, Val NMSE=1.553713
Saved best model with Val NMSE=1.553713
Epoch 4/100: Train NMSE=1.622553, Val NMSE=1.367999
Saved best model with Val NMSE=1.367999
Epoch 5/100: Train NMSE=1.429057, Val NMSE=1.271526
Saved best model with Val NMSE=1.271526
Epoch 6/100: Train NMSE=1.385451, Val NMSE=1.248261
Saved best model with Val NMSE=1.248261
Epoch 7/100: Train NMSE=1.390146, Val NMSE=1.262754
Epoch 8/100: Train NMSE=1.260509, Val NMSE=1.074629
Saved best model with Val NMSE=1.074629
Epoch 9/100: Train NMSE=1.195988, Val NMSE=1.178846
Epoch 10/100: Train NMSE=1.263394, Val NMSE=1.154209
Epoch 11/100: Train NMSE=1.225598, Val NMSE=1.286263
Epoch 12/100: Train NMSE=1.163224, Val NMSE=1.141387
Epoch 13/100: Train NMSE=1.170316, Val NMSE=1.107390
Epoch 14/100: Train NMSE=1.187538, Val NMSE=1.248453
Epoch 15/100: Train NMSE=1.118386, Val NMSE=1.077618
Epoch 16/100: Train NMSE=1.148909, Val NMSE=1.075751
Epoch 17/100: Train NMSE=1.101618, Val NMSE=1.144497
Epoch 18/100: Train NMSE=1.127072, Val NMSE=1.140480
Epoch 19/100: Train NMSE=1.087433, Val NMSE=1.045837
Saved best model with Val NMSE=1.045837
Epoch 20/100: Train NMSE=1.087709, Val NMSE=1.142639
Epoch 21/100: Train NMSE=1.080315, Val NMSE=1.037663
Saved best model with Val NMSE=1.037663
Epoch 22/100: Train NMSE=1.046547, Val NMSE=1.077530
Epoch 23/100: Train NMSE=1.410553, Val NMSE=1.080482
Epoch 24/100: Train NMSE=1.138544, Val NMSE=1.171438
Epoch 25/100: Train NMSE=1.203626, Val NMSE=1.220220
Epoch 26/100: Train NMSE=1.083652, Val NMSE=1.040916
Epoch 27/100: Train NMSE=1.004935, Val NMSE=1.055428
Epoch 28/100: Train NMSE=0.968679, Val NMSE=0.955746
Saved best model with Val NMSE=0.955746
Epoch 29/100: Train NMSE=1.028869, Val NMSE=1.090596
Epoch 30/100: Train NMSE=0.985105, Val NMSE=1.078249
Epoch 31/100: Train NMSE=1.028833, Val NMSE=1.119178
Epoch 32/100: Train NMSE=1.028653, Val NMSE=1.088719
Epoch 33/100: Train NMSE=1.037812, Val NMSE=1.042697
Epoch 34/100: Train NMSE=0.976725, Val NMSE=1.051250
Epoch 35/100: Train NMSE=0.973895, Val NMSE=0.984488
Epoch 36/100: Train NMSE=0.929453, Val NMSE=1.128825
Epoch 37/100: Train NMSE=1.072695, Val NMSE=1.174882
Epoch 38/100: Train NMSE=1.084796, Val NMSE=1.249877
Epoch 39/100: Train NMSE=0.999650, Val NMSE=1.000775
Epoch 40/100: Train NMSE=0.944189, Val NMSE=1.050218
Epoch 41/100: Train NMSE=0.966098, Val NMSE=1.135679
Epoch 42/100: Train NMSE=0.988153, Val NMSE=0.966237
Epoch 43/100: Train NMSE=0.930823, Val NMSE=1.027200
Epoch 44/100: Train NMSE=0.887970, Val NMSE=1.078776
Epoch 45/100: Train NMSE=0.919179, Val NMSE=1.034184
Epoch 46/100: Train NMSE=0.915867, Val NMSE=1.050058
Epoch 47/100: Train NMSE=0.898703, Val NMSE=1.110161
Epoch 48/100: Train NMSE=0.927938, Val NMSE=1.054803
Epoch 49/100: Train NMSE=0.900163, Val NMSE=1.031094
Epoch 50/100: Train NMSE=0.888586, Val NMSE=1.143423
Epoch 51/100: Train NMSE=1.043477, Val NMSE=1.266905
Epoch 52/100: Train NMSE=1.058303, Val NMSE=1.285544
Epoch 53/100: Train NMSE=0.970396, Val NMSE=1.089878
Epoch 54/100: Train NMSE=0.894745, Val NMSE=1.042945
Epoch 55/100: Train NMSE=0.879010, Val NMSE=1.102306
Epoch 56/100: Train NMSE=0.916476, Val NMSE=1.134378
Epoch 57/100: Train NMSE=0.937274, Val NMSE=1.357830
Epoch 58/100: Train NMSE=0.926087, Val NMSE=1.034664
Epoch 59/100: Train NMSE=0.856440, Val NMSE=1.273323
Epoch 60/100: Train NMSE=0.907206, Val NMSE=1.106747
Epoch 61/100: Train NMSE=0.886467, Val NMSE=1.124960
Epoch 62/100: Train NMSE=0.930657, Val NMSE=1.007493
Epoch 63/100: Train NMSE=0.867122, Val NMSE=1.071524
Epoch 64/100: Train NMSE=0.869276, Val NMSE=1.193929
Epoch 65/100: Train NMSE=0.857543, Val NMSE=1.048857
Epoch 66/100: Train NMSE=0.839117, Val NMSE=0.997538
Epoch 67/100: Train NMSE=0.841477, Val NMSE=1.130805
Epoch 68/100: Train NMSE=0.849651, Val NMSE=1.191315
Epoch 69/100: Train NMSE=0.938200, Val NMSE=1.285083
Epoch 70/100: Train NMSE=0.928347, Val NMSE=1.131577
Epoch 71/100: Train NMSE=0.848103, Val NMSE=1.116212
Epoch 72/100: Train NMSE=0.824067, Val NMSE=1.068133
Epoch 73/100: Train NMSE=0.853537, Val NMSE=1.082888
Epoch 74/100: Train NMSE=0.846331, Val NMSE=1.070635
Epoch 75/100: Train NMSE=0.814664, Val NMSE=1.142563
Epoch 76/100: Train NMSE=0.802871, Val NMSE=1.138924
Epoch 77/100: Train NMSE=0.892851, Val NMSE=1.218987
Epoch 78/100: Train NMSE=0.855319, Val NMSE=1.055178
Epoch 79/100: Train NMSE=0.785060, Val NMSE=1.080715
Epoch 80/100: Train NMSE=0.813395, Val NMSE=1.085157
Epoch 81/100: Train NMSE=0.819335, Val NMSE=1.139935
Epoch 82/100: Train NMSE=0.776257, Val NMSE=1.101765
Epoch 83/100: Train NMSE=0.805131, Val NMSE=1.165166
Epoch 84/100: Train NMSE=0.774966, Val NMSE=1.100248
Epoch 85/100: Train NMSE=0.793978, Val NMSE=1.120071
Epoch 86/100: Train NMSE=0.827982, Val NMSE=1.260310
Epoch 87/100: Train NMSE=0.894238, Val NMSE=1.187356
Epoch 88/100: Train NMSE=0.787975, Val NMSE=1.181684
Epoch 89/100: Train NMSE=0.796089, Val NMSE=1.110341
Epoch 90/100: Train NMSE=0.746192, Val NMSE=1.100597
Epoch 91/100: Train NMSE=0.801146, Val NMSE=1.202924
Epoch 92/100: Train NMSE=0.795212, Val NMSE=1.099633
Epoch 93/100: Train NMSE=0.780680, Val NMSE=1.112315
Epoch 94/100: Train NMSE=0.753154, Val NMSE=1.341017
Epoch 95/100: Train NMSE=0.847915, Val NMSE=1.277105
Epoch 96/100: Train NMSE=0.846142, Val NMSE=1.242241
Epoch 97/100: Train NMSE=0.734581, Val NMSE=1.141388
Epoch 98/100: Train NMSE=0.743473, Val NMSE=1.156270
Epoch 99/100: Train NMSE=0.728859, Val NMSE=1.173748
Epoch 100/100: Train NMSE=0.770416, Val NMSE=1.197978
{
  "mode": "ls_only",
  "best_val_nmse": 0.9557458460330963,
  "test_nmse": 1.07039475440979,
  "test_db": 0.2954397211987586,
  "best_model": "deepmimo_multibs\\processed\\o1_60_rx0_tx10_11_12_channel_snr-10\\runs\\ls_only_ep100\\best_model.pth"
}
