{
  "mode": "shuffled_rss",
  "data_dir": "deepmimo_multibs\\processed\\o1_60_rx0_tx10_11_12_channel_snr-10",
  "n_samples": 5000,
  "channel_dim": 16,
  "rss_dim": 3,
  "device": "cuda",
  "ls_file": "deepmimo_multibs\\processed\\o1_60_rx0_tx10_11_12_channel_snr-10\\ls_target_snr-10.npy"
}
Epoch 1/100: Train NMSE=68.596668, Val NMSE=13.355268
Saved best model with Val NMSE=13.355268
Epoch 2/100: Train NMSE=8.951230, Val NMSE=5.258507
Saved best model with Val NMSE=5.258507
Epoch 3/100: Train NMSE=4.173998, Val NMSE=3.238982
Saved best model with Val NMSE=3.238982
Epoch 4/100: Train NMSE=2.876277, Val NMSE=2.392984
Saved best model with Val NMSE=2.392984
Epoch 5/100: Train NMSE=2.146527, Val NMSE=2.145073
Saved best model with Val NMSE=2.145073
Epoch 6/100: Train NMSE=1.958393, Val NMSE=1.906685
Saved best model with Val NMSE=1.906685
Epoch 7/100: Train NMSE=1.734234, Val NMSE=1.668019
Saved best model with Val NMSE=1.668019
Epoch 8/100: Train NMSE=1.671478, Val NMSE=1.601350
Saved best model with Val NMSE=1.601350
Epoch 9/100: Train NMSE=1.449369, Val NMSE=1.458455
Saved best model with Val NMSE=1.458455
Epoch 10/100: Train NMSE=1.489536, Val NMSE=1.260754
Saved best model with Val NMSE=1.260754
Epoch 11/100: Train NMSE=1.457469, Val NMSE=1.420216
Epoch 12/100: Train NMSE=1.421990, Val NMSE=1.598705
Epoch 13/100: Train NMSE=1.362358, Val NMSE=1.511754
Epoch 14/100: Train NMSE=1.405908, Val NMSE=1.279014
Epoch 15/100: Train NMSE=1.359603, Val NMSE=1.644307
Epoch 16/100: Train NMSE=1.588997, Val NMSE=2.069386
Epoch 17/100: Train NMSE=1.581001, Val NMSE=1.397885
Epoch 18/100: Train NMSE=1.374040, Val NMSE=1.241233
Saved best model with Val NMSE=1.241233
Epoch 19/100: Train NMSE=1.333343, Val NMSE=1.289916
Epoch 20/100: Train NMSE=1.236392, Val NMSE=1.267583
Epoch 21/100: Train NMSE=1.135053, Val NMSE=1.295447
Epoch 22/100: Train NMSE=1.195461, Val NMSE=1.078967
Saved best model with Val NMSE=1.078967
Epoch 23/100: Train NMSE=1.208301, Val NMSE=1.300674
Epoch 24/100: Train NMSE=1.159425, Val NMSE=1.209106
Epoch 25/100: Train NMSE=1.133589, Val NMSE=1.157669
Epoch 26/100: Train NMSE=1.169055, Val NMSE=1.292433
Epoch 27/100: Train NMSE=1.100608, Val NMSE=1.118489
Epoch 28/100: Train NMSE=1.082977, Val NMSE=1.149440
Epoch 29/100: Train NMSE=1.079698, Val NMSE=1.148739
Epoch 30/100: Train NMSE=1.036045, Val NMSE=1.049929
Saved best model with Val NMSE=1.049929
Epoch 31/100: Train NMSE=1.115148, Val NMSE=1.117390
Epoch 32/100: Train NMSE=1.033529, Val NMSE=1.196516
Epoch 33/100: Train NMSE=1.049546, Val NMSE=1.118122
Epoch 34/100: Train NMSE=1.070311, Val NMSE=1.121215
Epoch 35/100: Train NMSE=0.998697, Val NMSE=1.118948
Epoch 36/100: Train NMSE=1.021677, Val NMSE=1.166616
Epoch 37/100: Train NMSE=1.034378, Val NMSE=1.080646
Epoch 38/100: Train NMSE=1.114759, Val NMSE=1.169493
Epoch 39/100: Train NMSE=1.029444, Val NMSE=1.168159
Epoch 40/100: Train NMSE=1.048320, Val NMSE=1.075513
Epoch 41/100: Train NMSE=1.031090, Val NMSE=1.115918
Epoch 42/100: Train NMSE=0.967245, Val NMSE=1.096355
Epoch 43/100: Train NMSE=1.191718, Val NMSE=1.154241
Epoch 44/100: Train NMSE=1.002861, Val NMSE=1.052103
Epoch 45/100: Train NMSE=0.995877, Val NMSE=1.078314
Epoch 46/100: Train NMSE=0.927991, Val NMSE=1.140654
Epoch 47/100: Train NMSE=0.950311, Val NMSE=1.063572
Epoch 48/100: Train NMSE=0.935832, Val NMSE=1.113731
Epoch 49/100: Train NMSE=0.947437, Val NMSE=1.067608
Epoch 50/100: Train NMSE=0.932748, Val NMSE=1.062467
Epoch 51/100: Train NMSE=0.922310, Val NMSE=1.008639
Saved best model with Val NMSE=1.008639
Epoch 52/100: Train NMSE=0.933082, Val NMSE=1.125404
Epoch 53/100: Train NMSE=0.899632, Val NMSE=1.199167
Epoch 54/100: Train NMSE=0.949485, Val NMSE=1.136682
Epoch 55/100: Train NMSE=0.931681, Val NMSE=1.118896
Epoch 56/100: Train NMSE=0.918002, Val NMSE=1.069487
Epoch 57/100: Train NMSE=0.898826, Val NMSE=1.205905
Epoch 58/100: Train NMSE=0.950727, Val NMSE=1.138332
Epoch 59/100: Train NMSE=0.929148, Val NMSE=1.175823
Epoch 60/100: Train NMSE=0.949455, Val NMSE=1.140596
Epoch 61/100: Train NMSE=0.934698, Val NMSE=1.058878
Epoch 62/100: Train NMSE=0.876986, Val NMSE=1.084604
Epoch 63/100: Train NMSE=0.921797, Val NMSE=1.107415
Epoch 64/100: Train NMSE=0.873910, Val NMSE=1.249732
Epoch 65/100: Train NMSE=1.050540, Val NMSE=1.183093
Epoch 66/100: Train NMSE=1.057432, Val NMSE=1.444284
Epoch 67/100: Train NMSE=1.093539, Val NMSE=1.219426
Epoch 68/100: Train NMSE=0.955768, Val NMSE=1.318130
Epoch 69/100: Train NMSE=0.977370, Val NMSE=1.064503
Epoch 70/100: Train NMSE=0.861866, Val NMSE=1.049716
Epoch 71/100: Train NMSE=0.808003, Val NMSE=1.094824
Epoch 72/100: Train NMSE=0.841676, Val NMSE=1.157813
Epoch 73/100: Train NMSE=0.855077, Val NMSE=1.100116
Epoch 74/100: Train NMSE=0.889293, Val NMSE=1.039406
Epoch 75/100: Train NMSE=0.887814, Val NMSE=1.071949
Epoch 76/100: Train NMSE=0.858280, Val NMSE=1.125484
Epoch 77/100: Train NMSE=0.854915, Val NMSE=1.123567
Epoch 78/100: Train NMSE=0.942712, Val NMSE=1.219972
Epoch 79/100: Train NMSE=0.966276, Val NMSE=1.105140
Epoch 80/100: Train NMSE=0.840055, Val NMSE=1.077737
Epoch 81/100: Train NMSE=0.810503, Val NMSE=1.109819
Epoch 82/100: Train NMSE=0.822522, Val NMSE=1.118171
Epoch 83/100: Train NMSE=0.954336, Val NMSE=1.173021
Epoch 84/100: Train NMSE=0.823302, Val NMSE=1.080923
Epoch 85/100: Train NMSE=0.814705, Val NMSE=1.116261
Epoch 86/100: Train NMSE=0.812483, Val NMSE=1.154381
Epoch 87/100: Train NMSE=0.827543, Val NMSE=1.116854
Epoch 88/100: Train NMSE=0.836705, Val NMSE=1.073866
Epoch 89/100: Train NMSE=0.811971, Val NMSE=1.184290
Epoch 90/100: Train NMSE=0.922249, Val NMSE=1.214990
Epoch 91/100: Train NMSE=0.882892, Val NMSE=1.095222
Epoch 92/100: Train NMSE=0.808023, Val NMSE=1.136698
Epoch 93/100: Train NMSE=0.794123, Val NMSE=1.030395
Epoch 94/100: Train NMSE=0.769823, Val NMSE=1.149936
Epoch 95/100: Train NMSE=0.855141, Val NMSE=1.095487
Epoch 96/100: Train NMSE=0.758421, Val NMSE=1.079116
Epoch 97/100: Train NMSE=0.842888, Val NMSE=1.194593
Epoch 98/100: Train NMSE=0.839136, Val NMSE=1.280122
Epoch 99/100: Train NMSE=0.852281, Val NMSE=1.155309
Epoch 100/100: Train NMSE=0.740182, Val NMSE=1.079301
{
  "mode": "shuffled_rss",
  "best_val_nmse": 1.0086393356323242,
  "test_nmse": 1.113991916179657,
  "test_db": 0.4688203933743562,
  "best_model": "deepmimo_multibs\\processed\\o1_60_rx0_tx10_11_12_channel_snr-10\\runs\\shuffled_rss_ep100\\best_model.pth"
}
