{
  "mode": "single_rss",
  "data_dir": "deepmimo_multibs\\processed\\o1_60_rx0_tx10_11_12_channel_snr-10",
  "n_samples": 5000,
  "channel_dim": 16,
  "rss_dim": 1,
  "device": "cuda",
  "ls_file": "deepmimo_multibs\\processed\\o1_60_rx0_tx10_11_12_channel_snr-10\\ls_target_snr-10.npy"
}
Epoch 1/100: Train NMSE=70.122508, Val NMSE=6.582201
Saved best model with Val NMSE=6.582201
Epoch 2/100: Train NMSE=5.536234, Val NMSE=3.676590
Saved best model with Val NMSE=3.676590
Epoch 3/100: Train NMSE=2.817906, Val NMSE=1.921945
Saved best model with Val NMSE=1.921945
Epoch 4/100: Train NMSE=1.862974, Val NMSE=1.601671
Saved best model with Val NMSE=1.601671
Epoch 5/100: Train NMSE=1.660681, Val NMSE=1.379299
Saved best model with Val NMSE=1.379299
Epoch 6/100: Train NMSE=1.519752, Val NMSE=1.683863
Epoch 7/100: Train NMSE=1.480346, Val NMSE=1.280603
Saved best model with Val NMSE=1.280603
Epoch 8/100: Train NMSE=1.374934, Val NMSE=1.378229
Epoch 9/100: Train NMSE=1.399603, Val NMSE=1.300877
Epoch 10/100: Train NMSE=1.338387, Val NMSE=1.253226
Saved best model with Val NMSE=1.253226
Epoch 11/100: Train NMSE=1.230656, Val NMSE=1.231129
Saved best model with Val NMSE=1.231129
Epoch 12/100: Train NMSE=1.264486, Val NMSE=1.206715
Saved best model with Val NMSE=1.206715
Epoch 13/100: Train NMSE=1.168326, Val NMSE=1.158063
Saved best model with Val NMSE=1.158063
Epoch 14/100: Train NMSE=1.379212, Val NMSE=1.491831
Epoch 15/100: Train NMSE=1.458002, Val NMSE=1.485599
Epoch 16/100: Train NMSE=1.412783, Val NMSE=1.268241
Epoch 17/100: Train NMSE=1.342377, Val NMSE=1.649422
Epoch 18/100: Train NMSE=1.286209, Val NMSE=1.038417
Saved best model with Val NMSE=1.038417
Epoch 19/100: Train NMSE=1.216672, Val NMSE=1.145615
Epoch 20/100: Train NMSE=1.148349, Val NMSE=1.415355
Epoch 21/100: Train NMSE=1.198109, Val NMSE=1.051345
Epoch 22/100: Train NMSE=1.117192, Val NMSE=1.096282
Epoch 23/100: Train NMSE=1.145931, Val NMSE=1.054176
Epoch 24/100: Train NMSE=1.058711, Val NMSE=1.127819
Epoch 25/100: Train NMSE=1.069964, Val NMSE=1.071393
Epoch 26/100: Train NMSE=1.020939, Val NMSE=1.066177
Epoch 27/100: Train NMSE=1.031401, Val NMSE=1.163447
Epoch 28/100: Train NMSE=1.042832, Val NMSE=1.100052
Epoch 29/100: Train NMSE=1.070902, Val NMSE=1.107210
Epoch 30/100: Train NMSE=1.072892, Val NMSE=1.014114
Saved best model with Val NMSE=1.014114
Epoch 31/100: Train NMSE=1.099598, Val NMSE=1.151178
Epoch 32/100: Train NMSE=1.040175, Val NMSE=1.081411
Epoch 33/100: Train NMSE=1.028450, Val NMSE=1.143985
Epoch 34/100: Train NMSE=1.024203, Val NMSE=1.087621
Epoch 35/100: Train NMSE=0.987305, Val NMSE=1.153029
Epoch 36/100: Train NMSE=0.956523, Val NMSE=1.004595
Saved best model with Val NMSE=1.004595
Epoch 37/100: Train NMSE=1.006921, Val NMSE=1.072858
Epoch 38/100: Train NMSE=0.982371, Val NMSE=1.067418
Epoch 39/100: Train NMSE=1.004148, Val NMSE=1.025509
Epoch 40/100: Train NMSE=1.048502, Val NMSE=1.115364
Epoch 41/100: Train NMSE=0.974689, Val NMSE=1.092232
Epoch 42/100: Train NMSE=0.974283, Val NMSE=1.168848
Epoch 43/100: Train NMSE=0.927764, Val NMSE=1.064111
Epoch 44/100: Train NMSE=1.040120, Val NMSE=1.260595
Epoch 45/100: Train NMSE=1.015775, Val NMSE=1.075296
Epoch 46/100: Train NMSE=0.948244, Val NMSE=1.285682
Epoch 47/100: Train NMSE=1.016376, Val NMSE=1.817997
Epoch 48/100: Train NMSE=1.112820, Val NMSE=1.082051
Epoch 49/100: Train NMSE=1.016049, Val NMSE=1.148667
Epoch 50/100: Train NMSE=1.014081, Val NMSE=1.177761
Epoch 51/100: Train NMSE=0.943065, Val NMSE=1.020708
Epoch 52/100: Train NMSE=0.929352, Val NMSE=1.094176
Epoch 53/100: Train NMSE=0.947845, Val NMSE=1.010775
Epoch 54/100: Train NMSE=0.929260, Val NMSE=0.994411
Saved best model with Val NMSE=0.994411
Epoch 55/100: Train NMSE=0.900147, Val NMSE=1.049781
Epoch 56/100: Train NMSE=0.923131, Val NMSE=1.070419
Epoch 57/100: Train NMSE=0.913796, Val NMSE=1.055361
Epoch 58/100: Train NMSE=0.954801, Val NMSE=1.143901
Epoch 59/100: Train NMSE=0.899753, Val NMSE=1.068760
Epoch 60/100: Train NMSE=0.875443, Val NMSE=1.154728
Epoch 61/100: Train NMSE=1.005106, Val NMSE=1.061744
Epoch 62/100: Train NMSE=0.989909, Val NMSE=1.195305
Epoch 63/100: Train NMSE=1.000675, Val NMSE=1.359663
Epoch 64/100: Train NMSE=0.975977, Val NMSE=1.409690
Epoch 65/100: Train NMSE=0.913224, Val NMSE=1.075806
Epoch 66/100: Train NMSE=0.873922, Val NMSE=1.060174
Epoch 67/100: Train NMSE=0.857212, Val NMSE=1.129482
Epoch 68/100: Train NMSE=0.876097, Val NMSE=1.042201
Epoch 69/100: Train NMSE=0.847580, Val NMSE=1.169565
Epoch 70/100: Train NMSE=0.873351, Val NMSE=1.111430
Epoch 71/100: Train NMSE=0.963319, Val NMSE=1.251352
Epoch 72/100: Train NMSE=0.865034, Val NMSE=1.067196
Epoch 73/100: Train NMSE=0.852600, Val NMSE=1.155711
Epoch 74/100: Train NMSE=0.847361, Val NMSE=1.091639
Epoch 75/100: Train NMSE=0.844248, Val NMSE=1.165360
Epoch 76/100: Train NMSE=0.837095, Val NMSE=1.106451
Epoch 77/100: Train NMSE=0.822021, Val NMSE=1.041872
Epoch 78/100: Train NMSE=0.840087, Val NMSE=1.166422
Epoch 79/100: Train NMSE=0.840823, Val NMSE=1.114128
Epoch 80/100: Train NMSE=0.832147, Val NMSE=1.116432
Epoch 81/100: Train NMSE=0.854154, Val NMSE=1.188469
Epoch 82/100: Train NMSE=0.841966, Val NMSE=1.136048
Epoch 83/100: Train NMSE=0.835469, Val NMSE=1.125687
Epoch 84/100: Train NMSE=0.795362, Val NMSE=1.097248
Epoch 85/100: Train NMSE=0.797905, Val NMSE=1.112480
Epoch 86/100: Train NMSE=0.858682, Val NMSE=1.101951
Epoch 87/100: Train NMSE=0.814122, Val NMSE=1.163348
Epoch 88/100: Train NMSE=0.796051, Val NMSE=1.163955
Epoch 89/100: Train NMSE=0.795964, Val NMSE=1.110657
Epoch 90/100: Train NMSE=0.773014, Val NMSE=1.113704
Epoch 91/100: Train NMSE=0.762319, Val NMSE=1.164446
Epoch 92/100: Train NMSE=0.829283, Val NMSE=1.235332
Epoch 93/100: Train NMSE=0.794338, Val NMSE=1.129196
Epoch 94/100: Train NMSE=0.787632, Val NMSE=1.083452
Epoch 95/100: Train NMSE=0.776356, Val NMSE=1.214357
Epoch 96/100: Train NMSE=0.767905, Val NMSE=1.134216
Epoch 97/100: Train NMSE=0.782763, Val NMSE=1.171916
Epoch 98/100: Train NMSE=0.793944, Val NMSE=1.351450
Epoch 99/100: Train NMSE=0.865196, Val NMSE=1.156763
Epoch 100/100: Train NMSE=0.743521, Val NMSE=1.155228
{
  "mode": "single_rss",
  "best_val_nmse": 0.9944112002849579,
  "test_nmse": 1.105507254600525,
  "test_db": 0.4356159686736841,
  "best_model": "deepmimo_multibs\\processed\\o1_60_rx0_tx10_11_12_channel_snr-10\\runs\\single_rss_ep100\\best_model.pth"
}
