{
  "mode": "zero_rss",
  "data_dir": "deepmimo_multibs\\processed\\o1_60_rx0_tx10_11_12_channel_snr-10",
  "n_samples": 5000,
  "channel_dim": 16,
  "rss_dim": 3,
  "device": "cuda",
  "ls_file": "deepmimo_multibs\\processed\\o1_60_rx0_tx10_11_12_channel_snr-10\\ls_target_snr-10.npy"
}
Epoch 1/100: Train NMSE=71.848803, Val NMSE=4.950131
Saved best model with Val NMSE=4.950131
Epoch 2/100: Train NMSE=4.434275, Val NMSE=2.480592
Saved best model with Val NMSE=2.480592
Epoch 3/100: Train NMSE=2.331069, Val NMSE=1.636373
Saved best model with Val NMSE=1.636373
Epoch 4/100: Train NMSE=1.615352, Val NMSE=1.830770
Epoch 5/100: Train NMSE=1.698192, Val NMSE=1.571686
Saved best model with Val NMSE=1.571686
Epoch 6/100: Train NMSE=1.476064, Val NMSE=1.294185
Saved best model with Val NMSE=1.294185
Epoch 7/100: Train NMSE=1.381641, Val NMSE=1.307157
Epoch 8/100: Train NMSE=1.356862, Val NMSE=1.950183
Epoch 9/100: Train NMSE=1.353651, Val NMSE=1.199306
Saved best model with Val NMSE=1.199306
Epoch 10/100: Train NMSE=1.196839, Val NMSE=1.186257
Saved best model with Val NMSE=1.186257
Epoch 11/100: Train NMSE=1.235647, Val NMSE=1.225878
Epoch 12/100: Train NMSE=1.212086, Val NMSE=1.257215
Epoch 13/100: Train NMSE=1.201367, Val NMSE=1.240899
Epoch 14/100: Train NMSE=1.166536, Val NMSE=1.138313
Saved best model with Val NMSE=1.138313
Epoch 15/100: Train NMSE=1.107484, Val NMSE=1.170063
Epoch 16/100: Train NMSE=1.110413, Val NMSE=1.286875
Epoch 17/100: Train NMSE=1.184688, Val NMSE=1.076235
Saved best model with Val NMSE=1.076235
Epoch 18/100: Train NMSE=1.104262, Val NMSE=1.193204
Epoch 19/100: Train NMSE=1.103013, Val NMSE=1.169765
Epoch 20/100: Train NMSE=1.067829, Val NMSE=1.081804
Epoch 21/100: Train NMSE=1.046689, Val NMSE=1.194466
Epoch 22/100: Train NMSE=1.067465, Val NMSE=1.042555
Saved best model with Val NMSE=1.042555
Epoch 23/100: Train NMSE=0.998791, Val NMSE=1.019865
Saved best model with Val NMSE=1.019865
Epoch 24/100: Train NMSE=1.021317, Val NMSE=1.262844
Epoch 25/100: Train NMSE=1.079858, Val NMSE=1.070741
Epoch 26/100: Train NMSE=1.033668, Val NMSE=1.199203
Epoch 27/100: Train NMSE=1.001507, Val NMSE=1.127931
Epoch 28/100: Train NMSE=1.027838, Val NMSE=1.083782
Epoch 29/100: Train NMSE=1.016198, Val NMSE=1.027216
Epoch 30/100: Train NMSE=0.992275, Val NMSE=1.089281
Epoch 31/100: Train NMSE=1.107591, Val NMSE=1.189170
Epoch 32/100: Train NMSE=1.174539, Val NMSE=1.361863
Epoch 33/100: Train NMSE=1.115634, Val NMSE=1.081198
Epoch 34/100: Train NMSE=1.006617, Val NMSE=1.170211
Epoch 35/100: Train NMSE=0.968075, Val NMSE=1.061159
Epoch 36/100: Train NMSE=0.961448, Val NMSE=1.084647
Epoch 37/100: Train NMSE=0.975851, Val NMSE=1.080645
Epoch 38/100: Train NMSE=0.976115, Val NMSE=1.032498
Epoch 39/100: Train NMSE=0.979951, Val NMSE=1.141412
Epoch 40/100: Train NMSE=0.959990, Val NMSE=1.087475
Epoch 41/100: Train NMSE=0.973336, Val NMSE=1.052671
Epoch 42/100: Train NMSE=0.961784, Val NMSE=1.176056
Epoch 43/100: Train NMSE=1.002255, Val NMSE=1.047140
Epoch 44/100: Train NMSE=0.921028, Val NMSE=1.055646
Epoch 45/100: Train NMSE=0.937383, Val NMSE=1.144632
Epoch 46/100: Train NMSE=0.975012, Val NMSE=1.093258
Epoch 47/100: Train NMSE=0.949081, Val NMSE=1.028472
Epoch 48/100: Train NMSE=0.916312, Val NMSE=1.142773
Epoch 49/100: Train NMSE=0.982597, Val NMSE=1.060996
Epoch 50/100: Train NMSE=0.935646, Val NMSE=1.098272
Epoch 51/100: Train NMSE=0.914710, Val NMSE=1.062020
Epoch 52/100: Train NMSE=0.927476, Val NMSE=1.063117
Epoch 53/100: Train NMSE=0.892445, Val NMSE=1.179388
Epoch 54/100: Train NMSE=0.913676, Val NMSE=1.151931
Epoch 55/100: Train NMSE=0.888351, Val NMSE=1.149833
Epoch 56/100: Train NMSE=0.885245, Val NMSE=1.023832
Epoch 57/100: Train NMSE=0.912047, Val NMSE=1.043411
Epoch 58/100: Train NMSE=0.882709, Val NMSE=1.059703
Epoch 59/100: Train NMSE=0.875672, Val NMSE=1.068896
Epoch 60/100: Train NMSE=0.851300, Val NMSE=1.073668
Epoch 61/100: Train NMSE=0.845208, Val NMSE=1.072419
Epoch 62/100: Train NMSE=0.857850, Val NMSE=1.101289
Epoch 63/100: Train NMSE=0.853705, Val NMSE=1.171202
Epoch 64/100: Train NMSE=0.840829, Val NMSE=1.078669
Epoch 65/100: Train NMSE=0.854611, Val NMSE=1.081640
Epoch 66/100: Train NMSE=0.850809, Val NMSE=1.034876
Epoch 67/100: Train NMSE=0.830821, Val NMSE=1.077951
Epoch 68/100: Train NMSE=0.869122, Val NMSE=1.184827
Epoch 69/100: Train NMSE=0.848888, Val NMSE=1.121950
Epoch 70/100: Train NMSE=0.830898, Val NMSE=1.080920
Epoch 71/100: Train NMSE=0.822720, Val NMSE=1.087810
Epoch 72/100: Train NMSE=0.808502, Val NMSE=1.088567
Epoch 73/100: Train NMSE=0.830769, Val NMSE=1.061190
Epoch 74/100: Train NMSE=0.816668, Val NMSE=1.158113
Epoch 75/100: Train NMSE=0.960686, Val NMSE=1.171254
Epoch 76/100: Train NMSE=0.928862, Val NMSE=1.134358
Epoch 77/100: Train NMSE=0.877738, Val NMSE=1.110948
Epoch 78/100: Train NMSE=0.894629, Val NMSE=1.435201
Epoch 79/100: Train NMSE=0.946315, Val NMSE=1.125760
Epoch 80/100: Train NMSE=0.805060, Val NMSE=1.104503
Epoch 81/100: Train NMSE=0.783373, Val NMSE=1.125542
Epoch 82/100: Train NMSE=0.808813, Val NMSE=1.111163
Epoch 83/100: Train NMSE=0.789716, Val NMSE=1.110264
Epoch 84/100: Train NMSE=0.782333, Val NMSE=1.163810
Epoch 85/100: Train NMSE=0.793558, Val NMSE=1.137058
Epoch 86/100: Train NMSE=0.780586, Val NMSE=1.149261
Epoch 87/100: Train NMSE=0.826438, Val NMSE=1.142660
Epoch 88/100: Train NMSE=0.800289, Val NMSE=1.127856
Epoch 89/100: Train NMSE=0.806509, Val NMSE=1.162429
Epoch 90/100: Train NMSE=0.782394, Val NMSE=1.119390
Epoch 91/100: Train NMSE=0.800989, Val NMSE=1.143142
Epoch 92/100: Train NMSE=0.799180, Val NMSE=1.351787
Epoch 93/100: Train NMSE=0.833209, Val NMSE=1.097548
Epoch 94/100: Train NMSE=0.804607, Val NMSE=1.158084
Epoch 95/100: Train NMSE=0.746723, Val NMSE=1.199401
Epoch 96/100: Train NMSE=0.743635, Val NMSE=1.154670
Epoch 97/100: Train NMSE=0.736211, Val NMSE=1.206617
Epoch 98/100: Train NMSE=0.744815, Val NMSE=1.145882
Epoch 99/100: Train NMSE=0.771491, Val NMSE=1.164328
Epoch 100/100: Train NMSE=0.706904, Val NMSE=1.193280
{
  "mode": "zero_rss",
  "best_val_nmse": 1.0198651552200317,
  "test_nmse": 1.1126894056797028,
  "test_db": 0.4637395299232876,
  "best_model": "deepmimo_multibs\\processed\\o1_60_rx0_tx10_11_12_channel_snr-10\\runs\\zero_rss_ep100\\best_model.pth"
}
